{"message":"0:44:22 | SELECT count(*) as cnt FROM user_table WHERE uid = 'usaki';","level":"info"}
{"message":"0:44:22 | SELECT * FROM user_table WHERE uid = ? AND pwd = md5(?)","level":"info"}
{"message":"0:44:22 | status[3] vcode[b6a3b3] code[b6a3b3]","level":"info"}
{"message":"0:44:22 | [object Object]","level":"info"}
{"message":"0:44:22 | status[3] vcode[b6a3b3] code[b6a3b3]","level":"info"}
{"message":"0:44:22 | insert execute --> user_login_info seq = 164","level":"info"}
{"message":"0:44:22 | insert execute --> last login update","level":"info"}
{"message":"0:44:25 | logout","level":"info"}
{"message":"0:44:33 | query is not excuted. select fail\nError: ER_SP_UNDECLARED_VAR: Undeclared variable: NaN","level":"info"}
{"message":"0:45:04 | query is not excuted. select fail\nError: ER_SP_UNDECLARED_VAR: Undeclared variable: NaN","level":"info"}
{"message":"0:45:23 | query is not excuted. select fail\nError: ER_SP_UNDECLARED_VAR: Undeclared variable: NaN","level":"info"}
{"message":"0:45:46 | query is not excuted. select fail\nError: ER_SP_UNDECLARED_VAR: Undeclared variable: NaN","level":"info"}
{"message":"0:46:05 | query is not excuted. select fail\nError: ER_SP_UNDECLARED_VAR: Undeclared variable: NaN","level":"info"}
{"message":"0:46:27 | query is not excuted. select fail\nError: ER_SP_UNDECLARED_VAR: Undeclared variable: NaN","level":"info"}
{"message":"0:47:27 | query is not excuted. select fail\nError: ER_SP_UNDECLARED_VAR: Undeclared variable: NaN","level":"info"}
{"message":"0:49:27 | query is not excuted. select fail\nError: ER_SP_UNDECLARED_VAR: Undeclared variable: NaN","level":"info"}
{"message":"0:51:28 | query is not excuted. select fail\nError: ER_SP_UNDECLARED_VAR: Undeclared variable: NaN","level":"info"}
{"message":"0:53:28 | query is not excuted. select fail\nError: ER_SP_UNDECLARED_VAR: Undeclared variable: NaN","level":"info"}
{"message":"0:55:33 | query is not excuted. select fail\nError: ER_SP_UNDECLARED_VAR: Undeclared variable: NaN","level":"info"}
{"message":"0:56:20 | SELECT count(*) as cnt FROM user_table WHERE uid = 'choiyw2';","level":"info"}
{"message":"0:56:20 | SELECT * FROM user_table WHERE uid = ? AND pwd = md5(?)","level":"info"}
{"message":"0:56:20 | status[4] vcode[1234] code[1234]","level":"info"}
{"message":"0:56:20 | status[4] vcode[1234] code[1234]","level":"info"}
{"message":"0:56:20 | [object Object]","level":"info"}
{"message":"0:56:20 | insert execute --> user_login_info seq = 165","level":"info"}
{"message":"0:56:20 | insert execute --> last login update","level":"info"}
{"message":"1:00:16 | query is not excuted. select fail\nError: ER_SP_UNDECLARED_VAR: Undeclared variable: NaN","level":"info"}
{"message":"1:02:41 | SELECT count(*) as cnt FROM user_table WHERE uid = 'usaki';","level":"info"}
{"message":"1:02:41 | SELECT * FROM user_table WHERE uid = ? AND pwd = md5(?)","level":"info"}
{"message":"1:02:41 | status[3] vcode[b6a3b3] code[b6a3b3]","level":"info"}
{"message":"1:02:41 | status[3] vcode[b6a3b3] code[b6a3b3]","level":"info"}
{"message":"1:02:42 | [object Object]","level":"info"}
{"message":"1:02:42 | insert execute --> user_login_info seq = 166","level":"info"}
{"message":"1:02:42 | insert execute --> last login update","level":"info"}
{"message":"1:02:44 | logout","level":"info"}
{"message":"1:08:57 | logout","level":"info"}
{"message":"1:09:05 | SELECT count(*) as cnt FROM user_table WHERE uid = 'choiyw2';","level":"info"}
{"message":"1:09:05 | status[4] vcode[1234] code[1234]","level":"info"}
{"message":"1:09:05 | SELECT * FROM user_table WHERE uid = ? AND pwd = md5(?)","level":"info"}
{"message":"1:09:05 | status[4] vcode[1234] code[1234]","level":"info"}
{"message":"1:09:05 | [object Object]","level":"info"}
{"message":"1:09:05 | insert execute --> user_login_info seq = 167","level":"info"}
{"message":"1:09:05 | insert execute --> last login update","level":"info"}
{"message":"1:09:14 | logout","level":"info"}
{"message":"1:09:19 | SELECT count(*) as cnt FROM user_table WHERE uid = 'choiyw2';","level":"info"}
{"message":"1:09:19 | SELECT * FROM user_table WHERE uid = ? AND pwd = md5(?)","level":"info"}
{"message":"1:09:19 | status[4] vcode[1234] code[1234]","level":"info"}
{"message":"1:09:19 | status[4] vcode[1234] code[1234]","level":"info"}
{"message":"1:09:19 | [object Object]","level":"info"}
{"message":"1:09:19 | insert execute --> user_login_info seq = 168","level":"info"}
{"message":"1:09:19 | insert execute --> last login update","level":"info"}
{"message":"ERROR=>TypeError: Cannot convert object to primitive value","level":"error"}
{"message":"1:09:38 | query is not excuted. select fail\nError: ER_SP_UNDECLARED_VAR: Undeclared variable: NaN","level":"info"}
{"message":"1:10:29 | query is not excuted. select fail\nError: ER_SP_UNDECLARED_VAR: Undeclared variable: NaN","level":"info"}
{"message":"1:10:42 | query is not excuted. select fail\nError: ER_SP_UNDECLARED_VAR: Undeclared variable: NaN","level":"info"}
{"message":"1:12:43 | query is not excuted. select fail\nError: ER_SP_UNDECLARED_VAR: Undeclared variable: NaN","level":"info"}
{"message":"1:14:21 | query is not excuted. select fail\nError: ER_SP_UNDECLARED_VAR: Undeclared variable: NaN","level":"info"}
{"message":"1:14:43 | logout","level":"info"}
{"message":"1:15:07 | SELECT count(*) as cnt FROM user_table WHERE uid = 'usaki';","level":"info"}
{"message":"1:15:07 | SELECT * FROM user_table WHERE uid = ? AND pwd = md5(?)","level":"info"}
{"message":"1:15:07 | status[-1] vcode[] code[b6a3b3]","level":"info"}
{"message":"1:15:07 | status[-1] vcode[] code[b6a3b3]","level":"info"}
{"message":"1:15:10 | SELECT count(*) as cnt FROM user_table WHERE uid = 'usaki';","level":"info"}
{"message":"1:15:10 | SELECT * FROM user_table WHERE uid = ? AND pwd = md5(?)","level":"info"}
{"message":"1:15:10 | status[-1] vcode[] code[b6a3b3]","level":"info"}
{"message":"1:15:10 | status[-1] vcode[] code[b6a3b3]","level":"info"}
{"message":"1:15:15 | SELECT count(*) as cnt FROM user_table WHERE uid = 'usaki';","level":"info"}
{"message":"1:15:15 | SELECT * FROM user_table WHERE uid = ? AND pwd = md5(?)","level":"info"}
{"message":"1:15:15 | status[-1] vcode[] code[b6a3b3]","level":"info"}
{"message":"1:15:15 | status[-1] vcode[] code[b6a3b3]","level":"info"}
{"message":"1:15:21 | SELECT count(*) as cnt FROM user_table WHERE uid = 'choiyw2';","level":"info"}
{"message":"1:15:21 | SELECT * FROM user_table WHERE uid = ? AND pwd = md5(?)","level":"info"}
{"message":"1:15:21 | status[4] vcode[1234] code[1234]","level":"info"}
{"message":"1:15:21 | status[4] vcode[1234] code[1234]","level":"info"}
{"message":"1:15:21 | [object Object]","level":"info"}
{"message":"1:15:21 | insert execute --> user_login_info seq = 169","level":"info"}
{"message":"1:15:21 | insert execute --> last login update","level":"info"}
{"message":"1:16:06 | SELECT count(*) as cnt FROM user_table WHERE uid = 'usaki';","level":"info"}
{"message":"1:16:06 | SELECT * FROM user_table WHERE uid = ? AND pwd = md5(?)","level":"info"}
{"message":"1:16:06 | status[2] vcode[b6a3b3] code[b6a3b3]","level":"info"}
{"message":"1:16:06 | status[2] vcode[b6a3b3] code[b6a3b3]","level":"info"}
{"message":"1:16:06 | [object Object]","level":"info"}
{"message":"1:16:06 | insert execute --> user_login_info seq = 170","level":"info"}
{"message":"1:16:06 | insert execute --> last login update","level":"info"}
{"message":"1:16:21 | logout","level":"info"}
{"message":"ERROR=>TypeError: Cannot convert object to primitive value","level":"error"}
{"message":"1:16:57 | SELECT count(*) as cnt FROM user_table WHERE uid = 'usaki';","level":"info"}
{"message":"1:16:57 | status[1] vcode[b6a3b3] code[b6a3b3]","level":"info"}
{"message":"1:16:57 | status[1] vcode[b6a3b3] code[b6a3b3]","level":"info"}
{"message":"1:16:57 | SELECT * FROM user_table WHERE uid = ? AND pwd = md5(?)","level":"info"}
{"message":"1:16:57 | [object Object]","level":"info"}
{"message":"1:16:57 | insert execute --> user_login_info seq = 171","level":"info"}
{"message":"1:16:57 | insert execute --> last login update","level":"info"}
{"message":"1:17:03 | logout","level":"info"}
{"message":"ERROR=>TypeError: Cannot convert object to primitive value","level":"error"}
{"message":"1:18:00 | 안녕하세요<br/>해당 id는 삭제 되었습니다. <br/>id : usaki39<br/>email : choiyw2@gmail.com<br/>nickname : usaki<br/><a href=':hostAddress' target='_blank'>사이트로 이동</a>","level":"info"}
{"message":"ERROR=>TypeError: Cannot convert object to primitive value","level":"error"}
{"message":"1:18:52 | 안녕하세요<br/>해당 id는 삭제 되었습니다. <br/>id : usaki32<br/>email : choiyw2@gmail.com<br/>nickname : usaki<br/><a href=':hostAddress' target='_blank'>사이트로 이동</a>","level":"info"}
{"message":"ERROR=>TypeError: Cannot convert object to primitive value","level":"error"}
{"message":"1:18:56 | 안녕하세요<br/>해당 id는 삭제 되었습니다. <br/>id : usaki31<br/>email : choiyw2@gmail.com<br/>nickname : usaki<br/><a href=':hostAddress' target='_blank'>사이트로 이동</a>","level":"info"}
{"message":"1:22:18 | logout","level":"info"}
