{"message":"20:29:34 | SELECT count(*) as cnt FROM user_table WHERE uid = 'choiyw2';","level":"info"}
{"message":"20:29:34 | SELECT * FROM user_table WHERE uid = ? AND pwd = md5(?)","level":"info"}
{"message":"20:29:34 | status[3] vcode[1234] code[1234]","level":"info"}
{"message":"20:29:34 | status[3] vcode[1234] code[1234]","level":"info"}
{"message":"20:29:34 | [object Object]","level":"info"}
{"message":"20:29:34 | insert execute --> user_login_info seq = 190","level":"info"}
{"message":"20:29:34 | insert execute --> last login update","level":"info"}
{"message":"ERROR=>TypeError: Cannot convert object to primitive value","level":"error"}
{"message":"ERROR=>TypeError: Cannot convert object to primitive value","level":"error"}
{"message":"20:30:07 | logout","level":"info"}
{"message":"20:31:25 | SELECT count(*) as cnt FROM user_table WHERE uid = 'choiyw2';","level":"info"}
{"message":"20:31:25 | SELECT * FROM user_table WHERE uid = ? AND pwd = md5(?)","level":"info"}
{"message":"20:31:26 | status[3] vcode[1234] code[1234]","level":"info"}
{"message":"20:31:26 | status[3] vcode[1234] code[1234]","level":"info"}
{"message":"20:31:26 | [object Object]","level":"info"}
{"message":"20:31:26 | insert execute --> user_login_info seq = 191","level":"info"}
{"message":"20:31:26 | insert execute --> last login update","level":"info"}
{"message":"ERROR=>TypeError: Cannot convert object to primitive value","level":"error"}
{"message":"ERROR=>TypeError: Cannot convert object to primitive value","level":"error"}
{"message":"ERROR=>TypeError: Cannot convert object to primitive value","level":"error"}
{"message":"ERROR=>TypeError: Cannot convert object to primitive value","level":"error"}
{"message":"ERROR=>TypeError: Cannot convert object to primitive value","level":"error"}
{"message":"20:34:05 | logout","level":"info"}
{"message":"20:37:09 | SELECT count(*) as cnt FROM user_table WHERE uid = 'choiyw2';","level":"info"}
{"message":"20:37:09 | SELECT * FROM user_table WHERE uid = ? AND pwd = md5(?)","level":"info"}
{"message":"20:37:09 | status[3] vcode[1234] code[1234]","level":"info"}
{"message":"20:37:09 | status[3] vcode[1234] code[1234]","level":"info"}
{"message":"20:37:09 | [object Object]","level":"info"}
{"message":"20:37:09 | insert execute --> user_login_info seq = 192","level":"info"}
{"message":"20:37:09 | insert execute --> last login update","level":"info"}
{"message":"ERROR=>TypeError: Cannot convert object to primitive value","level":"error"}
{"message":"20:37:31 | Message sent : [object Object]","level":"info"}
{"message":"ERROR=>TypeError: Cannot convert object to primitive value","level":"error"}
{"message":"20:37:32 | 안녕하세요<br/>해당 id는 삭제 되었습니다. <br/>id : usaki40<br/>email : choiyw2@gmail.com<br/>nickname : usaki<br/><a href=':hostAddress' target='_blank'>사이트로 이동</a>","level":"info"}
{"message":"20:37:34 | 안녕하세요<br/>해당 id는 삭제 되었습니다. <br/>id : usaki38<br/>email : choiyw2@gmail.com<br/>nickname : usaki<br/><a href=':hostAddress' target='_blank'>사이트로 이동</a>","level":"info"}
{"message":"ERROR=>TypeError: Cannot convert object to primitive value","level":"error"}
{"message":"20:37:35 | [object Object]","level":"info"}
{"message":"20:37:42 | [object Object]","level":"info"}
{"message":"20:39:00 | logout","level":"info"}
{"message":"20:39:12 | SELECT * FROM user_table WHERE uid = ? AND pwd = md5(?)","level":"info"}
{"message":"20:39:12 | status[4] vcode[1234] code[1234]","level":"info"}
{"message":"20:39:12 | status[4] vcode[1234] code[1234]","level":"info"}
{"message":"20:39:12 | [object Object]","level":"info"}
{"message":"20:39:12 | SELECT count(*) as cnt FROM user_table WHERE uid = 'choiyw2';","level":"info"}
{"message":"20:39:12 | insert execute --> user_login_info seq = 193","level":"info"}
{"message":"20:39:12 | insert execute --> last login update","level":"info"}
{"message":"20:39:25 | app_20210113.log,app_20210114.log,app_20210116.log,app_20210117.log,app_20210119.log,app_20210120.log,app_20210121.log,app_20210122.log,app_20210123.log,app_20210125.log,error_20210113.log,error_20210114.log,error_20210116.log,error_20210117.log,error_20210119.log,error_20210120.log,error_20210121.log,error_20210122.log,error_20210123.log,error_20210125.log","level":"info"}
{"message":"20:39:41 | logout","level":"info"}
{"message":"20:40:28 | SELECT count(*) as cnt FROM user_table WHERE uid = 'choiyw2';","level":"info"}
{"message":"20:40:28 | SELECT * FROM user_table WHERE uid = ? AND pwd = md5(?)","level":"info"}
{"message":"20:40:28 | status[4] vcode[1234] code[1234]","level":"info"}
{"message":"20:40:28 | [object Object]","level":"info"}
{"message":"20:40:28 | status[4] vcode[1234] code[1234]","level":"info"}
{"message":"20:40:28 | insert execute --> user_login_info seq = 194","level":"info"}
{"message":"20:40:28 | insert execute --> last login update","level":"info"}
{"message":"ERROR=>TypeError: Cannot convert object to primitive value","level":"error"}
{"message":"20:55:29 | query is not excuted. select fail\nError: ER_PARSE_ERROR: You have an error in your SQL syntax; check the manual that corresponds to your MySQL server version for the right syntax to use near 'a RIGHT OUTER JOIN user_table b ON a.u_seq = b.seq WHERE status >= 2 status <= 3' at line 1","level":"info"}
{"message":"20:55:46 | query is not excuted. select fail\nError: ER_PARSE_ERROR: You have an error in your SQL syntax; check the manual that corresponds to your MySQL server version for the right syntax to use near 'a RIGHT OUTER JOIN user_table b ON a.u_seq = b.seq WHERE b.status >= 2 b.status ' at line 1","level":"info"}
{"message":"20:55:47 | query is not excuted. select fail\nError: ER_PARSE_ERROR: You have an error in your SQL syntax; check the manual that corresponds to your MySQL server version for the right syntax to use near 'a RIGHT OUTER JOIN user_table b ON a.u_seq = b.seq WHERE b.status >= 2 b.status ' at line 1","level":"info"}
{"message":"20:57:47 | query is not excuted. select fail\nError: ER_PARSE_ERROR: You have an error in your SQL syntax; check the manual that corresponds to your MySQL server version for the right syntax to use near 'a RIGHT OUTER JOIN user_table b ON a.u_seq = b.seq WHERE b.status >= 2 b.status ' at line 1","level":"info"}
{"message":"20:58:03 | query is not excuted. select fail\nError: ER_PARSE_ERROR: You have an error in your SQL syntax; check the manual that corresponds to your MySQL server version for the right syntax to use near 'a RIGHT OUTER JOIN user_table b ON a.u_seq = b.seq WHERE b.status in ('2','3') A' at line 1","level":"info"}
{"message":"20:58:05 | query is not excuted. select fail\nError: ER_PARSE_ERROR: You have an error in your SQL syntax; check the manual that corresponds to your MySQL server version for the right syntax to use near 'a RIGHT OUTER JOIN user_table b ON a.u_seq = b.seq WHERE b.status in ('2','3') A' at line 1","level":"info"}
{"message":"20:58:06 | query is not excuted. select fail\nError: ER_PARSE_ERROR: You have an error in your SQL syntax; check the manual that corresponds to your MySQL server version for the right syntax to use near 'a RIGHT OUTER JOIN user_table b ON a.u_seq = b.seq WHERE b.status in ('2','3') A' at line 1","level":"info"}
{"message":"20:58:12 | query is not excuted. select fail\nError: ER_PARSE_ERROR: You have an error in your SQL syntax; check the manual that corresponds to your MySQL server version for the right syntax to use near 'a RIGHT OUTER JOIN user_table b ON a.u_seq = b.seq WHERE b.STATUS in ('2','3') A' at line 1","level":"info"}
{"message":"20:58:14 | query is not excuted. select fail\nError: ER_PARSE_ERROR: You have an error in your SQL syntax; check the manual that corresponds to your MySQL server version for the right syntax to use near 'a RIGHT OUTER JOIN user_table b ON a.u_seq = b.seq WHERE b.STATUS in ('2','3') A' at line 1","level":"info"}
{"message":"ERROR=>TypeError: Cannot convert object to primitive value","level":"error"}
{"message":"20:58:22 | query is not excuted. select fail\nError: ER_PARSE_ERROR: You have an error in your SQL syntax; check the manual that corresponds to your MySQL server version for the right syntax to use near 'a RIGHT OUTER JOIN user_table b ON a.u_seq = b.seq WHERE b.STATUS in ('2','3') A' at line 1","level":"info"}
{"message":"20:59:29 | query is not excuted. select fail\nError: ER_PARSE_ERROR: You have an error in your SQL syntax; check the manual that corresponds to your MySQL server version for the right syntax to use near 'a RIGHT OUTER JOIN user_table b ON a.u_seq = b.seq WHERE SUBSTR(ymd, 1,4) = '202' at line 1","level":"info"}
{"message":"ERROR=>TypeError: Cannot convert object to primitive value","level":"error"}
{"message":"20:59:35 | query is not excuted. select fail\nError: ER_PARSE_ERROR: You have an error in your SQL syntax; check the manual that corresponds to your MySQL server version for the right syntax to use near 'a RIGHT OUTER JOIN user_table b ON a.u_seq = b.seq WHERE SUBSTR(ymd, 1,4) = '202' at line 1","level":"info"}
{"message":"21:00:13 | query is not excuted. select fail\nError: ER_PARSE_ERROR: You have an error in your SQL syntax; check the manual that corresponds to your MySQL server version for the right syntax to use near 'a RIGHT OUTER JOIN user_table b ON a.u_seq = b.seq WHERE SUBSTR(ymd, 1,4) = '202' at line 1","level":"info"}
{"message":"ERROR=>TypeError: Cannot convert object to primitive value","level":"error"}
{"message":"21:00:16 | query is not excuted. select fail\nError: ER_PARSE_ERROR: You have an error in your SQL syntax; check the manual that corresponds to your MySQL server version for the right syntax to use near 'a RIGHT OUTER JOIN user_table b ON a.u_seq = b.seq WHERE SUBSTR(ymd, 1,4) = '202' at line 1","level":"info"}
{"message":"21:02:16 | query is not excuted. select fail\nError: ER_PARSE_ERROR: You have an error in your SQL syntax; check the manual that corresponds to your MySQL server version for the right syntax to use near 'a RIGHT OUTER JOIN user_table b ON a.u_seq = b.seq WHERE SUBSTR(ymd, 1,4) = '202' at line 1","level":"info"}
{"message":"ERROR=>TypeError: Cannot convert object to primitive value","level":"error"}
{"message":"21:03:46 | logout","level":"info"}
{"message":"21:03:53 | SELECT count(*) as cnt FROM user_table WHERE uid = 'usaki';","level":"info"}
{"message":"21:03:53 | SELECT * FROM user_table WHERE uid = ? AND pwd = md5(?)","level":"info"}
{"message":"21:03:53 | status[-1] vcode[] code[1234]","level":"info"}
{"message":"21:03:53 | status[-1] vcode[] code[1234]","level":"info"}
{"message":"21:04:01 | SELECT count(*) as cnt FROM user_table WHERE uid = 'usaki';","level":"info"}
{"message":"21:04:01 | SELECT * FROM user_table WHERE uid = ? AND pwd = md5(?)","level":"info"}
{"message":"21:04:01 | status[2] vcode[123456] code[123456]","level":"info"}
{"message":"21:04:01 | status[2] vcode[123456] code[123456]","level":"info"}
{"message":"21:04:01 | [object Object]","level":"info"}
{"message":"21:04:01 | insert execute --> user_login_info seq = 342","level":"info"}
{"message":"21:04:01 | insert execute --> last login update","level":"info"}
{"message":"ERROR=>TypeError: Cannot convert object to primitive value","level":"error"}
{"message":"21:49:12 | query is not excuted. select fail\nError: ER_WRONG_PARAMCOUNT_TO_NATIVE_FCT: Incorrect parameter count in the call to native function 'isnull'","level":"info"}
{"message":"ERROR=>TypeError: Cannot convert object to primitive value","level":"error"}
{"message":"ERROR=>TypeError: Cannot convert object to primitive value","level":"error"}
{"message":"ERROR=>TypeError: Cannot convert object to primitive value","level":"error"}
{"message":"ERROR=>TypeError: Cannot convert object to primitive value","level":"error"}
{"message":"ERROR=>TypeError: Cannot convert object to primitive value","level":"error"}
{"message":"ERROR=>TypeError: Cannot convert object to primitive value","level":"error"}
{"message":"22:05:14 | SELECT count(*) as cnt FROM user_table WHERE uid = 'usaki';","level":"info"}
{"message":"22:05:14 | SELECT * FROM user_table WHERE uid = ? AND pwd = md5(?)","level":"info"}
{"message":"22:05:14 | status[2] vcode[123456] code[123456]","level":"info"}
{"message":"22:05:14 | [object Object]","level":"info"}
{"message":"22:05:14 | status[2] vcode[123456] code[123456]","level":"info"}
{"message":"22:05:14 | insert execute --> user_login_info seq = 344","level":"info"}
{"message":"22:05:14 | insert execute --> last login update","level":"info"}
{"message":"ERROR=>TypeError: Cannot convert object to primitive value","level":"error"}
{"message":"ERROR=>TypeError: Cannot convert object to primitive value","level":"error"}
{"message":"ERROR=>TypeError: Cannot convert object to primitive value","level":"error"}
{"message":"23:09:28 | SELECT count(*) as cnt FROM user_table WHERE uid = 'usaki';","level":"info"}
{"message":"23:09:28 | SELECT * FROM user_table WHERE uid = ? AND pwd = md5(?)","level":"info"}
{"message":"23:09:28 | status[2] vcode[123456] code[123456]","level":"info"}
{"message":"23:09:28 | status[2] vcode[123456] code[123456]","level":"info"}
{"message":"23:09:28 | [object Object]","level":"info"}
{"message":"23:09:28 | insert execute --> user_login_info seq = 352","level":"info"}
{"message":"23:09:28 | insert execute --> last login update","level":"info"}
{"message":"ERROR=>TypeError: Cannot convert object to primitive value","level":"error"}
