{"message":"16:55:17 | SELECT count(*) as cnt FROM user_table WHERE uid = 'choiyw2';","level":"info"}
{"message":"16:55:17 | SELECT * FROM user_table WHERE uid = ? AND pwd = md5(?)","level":"info"}
{"message":"16:55:17 | status[4] vcode[1234] code[1234]","level":"info"}
{"message":"16:55:17 | status[4] vcode[1234] code[1234]","level":"info"}
{"message":"16:55:17 | [object Object]","level":"info"}
{"message":"16:55:17 | insert execute --> user_login_info seq = 81","level":"info"}
{"message":"16:55:17 | insert execute --> last login update","level":"info"}
{"message":"20:41:03 | SELECT count(*) as cnt FROM user_table WHERE uid = 'choiyw2';","level":"info"}
{"message":"20:41:03 | SELECT * FROM user_table WHERE uid = ? AND pwd = md5(?)","level":"info"}
{"message":"20:41:03 | status[4] vcode[1234] code[1234]","level":"info"}
{"message":"20:41:03 | [object Object]","level":"info"}
{"message":"20:41:03 | status[4] vcode[1234] code[1234]","level":"info"}
{"message":"20:41:03 | insert execute --> user_login_info seq = 82","level":"info"}
{"message":"20:41:03 | insert execute --> last login update","level":"info"}
{"message":"20:43:40 | SELECT * FROM card_info WHERE cardlevel = 'SSS+' ORDER BY cardname","level":"info"}
{"message":"20:43:42 | SELECT * FROM card_info WHERE seq = 75 ","level":"info"}
{"message":"20:44:13 | SELECT * FROM card_info WHERE cardlevel = 'SSS+' ORDER BY cardname","level":"info"}
{"message":"20:44:16 | SELECT * FROM card_info WHERE seq = 36 ","level":"info"}
{"message":"20:50:40 | SELECT * FROM card_info WHERE cardlevel = 'SSS+' ORDER BY cardname","level":"info"}
{"message":"20:50:45 | SELECT * FROM card_info WHERE seq = 38 ","level":"info"}
{"message":"20:51:57 | SELECT count(*) as cnt FROM user_table WHERE uid = 'choiyw2';","level":"info"}
{"message":"20:51:57 | status[4] vcode[1234] code[1234]","level":"info"}
{"message":"20:51:57 | status[4] vcode[1234] code[1234]","level":"info"}
{"message":"20:51:57 | [object Object]","level":"info"}
{"message":"20:51:57 | SELECT * FROM user_table WHERE uid = ? AND pwd = md5(?)","level":"info"}
{"message":"20:51:57 | insert execute --> user_login_info seq = 83","level":"info"}
{"message":"20:51:57 | insert execute --> last login update","level":"info"}
{"message":"20:52:16 | app_20210105.log,app_20210106.log,app_20210107.log,app_20210108.log,app_20210110.log,error_20210106.log,error_20210107.log,error_20210108.log,error_20210110.log","level":"info"}
{"message":"21:01:50 | SELECT count(*) as cnt FROM user_table WHERE uid = 'choiyw2';","level":"info"}
{"message":"21:01:50 | SELECT * FROM user_table WHERE uid = ? AND pwd = md5(?)","level":"info"}
{"message":"21:01:50 | status[4] vcode[1234] code[1234]","level":"info"}
{"message":"21:01:50 | status[4] vcode[1234] code[1234]","level":"info"}
{"message":"21:01:50 | [object Object]","level":"info"}
{"message":"21:01:50 | insert execute --> user_login_info seq = 84","level":"info"}
{"message":"21:01:50 | insert execute --> last login update","level":"info"}
{"message":"21:33:50 | SELECT * FROM card_info WHERE cardlevel = 'SSS+' ORDER BY cardname","level":"info"}
{"message":"21:33:52 | SELECT * FROM card_info WHERE seq = 38 ","level":"info"}
{"message":"ERROR=>TypeError: Cannot convert object to primitive value","level":"error"}
{"message":"21:34:09 | 0.000","level":"info"}
{"message":"21:34:09 | 0.000","level":"info"}
