{"message":"14:46:15 | SELECT count(*) as cnt FROM user_table WHERE uid = 'choiyw2';","level":"info"}
{"message":"14:46:15 | SELECT * FROM user_table WHERE uid = ? AND pwd = md5(?)","level":"info"}
{"message":"14:46:15 | status[4] vcode[1234] code[1234]","level":"info"}
{"message":"14:46:15 | status[4] vcode[1234] code[1234]","level":"info"}
{"message":"14:46:15 | [object Object]","level":"info"}
{"message":"14:46:15 | insert execute --> user_login_info seq = 173","level":"info"}
{"message":"14:46:15 | insert execute --> last login update","level":"info"}
{"message":"19:42:20 | SELECT count(*) as cnt FROM user_table WHERE uid = 'choiyw2';","level":"info"}
{"message":"19:42:20 | SELECT * FROM user_table WHERE uid = ? AND pwd = md5(?)","level":"info"}
{"message":"19:42:20 | status[-1] vcode[] code[1234]","level":"info"}
{"message":"19:42:20 | status[-1] vcode[] code[1234]","level":"info"}
{"message":"19:42:23 | SELECT count(*) as cnt FROM user_table WHERE uid = 'choiyw2';","level":"info"}
{"message":"19:42:23 | SELECT * FROM user_table WHERE uid = ? AND pwd = md5(?)","level":"info"}
{"message":"19:42:23 | status[4] vcode[1234] code[1234]","level":"info"}
{"message":"19:42:23 | [object Object]","level":"info"}
{"message":"19:42:23 | status[4] vcode[1234] code[1234]","level":"info"}
{"message":"19:42:23 | insert execute --> user_login_info seq = 174","level":"info"}
{"message":"19:42:23 | insert execute --> last login update","level":"info"}
{"message":"20:43:02 | SELECT count(*) as cnt FROM user_table WHERE uid = 'choiyw2';","level":"info"}
{"message":"20:43:02 | SELECT * FROM user_table WHERE uid = ? AND pwd = md5(?)","level":"info"}
{"message":"20:43:02 | status[4] vcode[1234] code[1234]","level":"info"}
{"message":"20:43:02 | status[4] vcode[1234] code[1234]","level":"info"}
{"message":"20:43:02 | [object Object]","level":"info"}
{"message":"20:43:02 | insert execute --> user_login_info seq = 175","level":"info"}
{"message":"20:43:02 | insert execute --> last login update","level":"info"}
{"message":"21:22:56 | [object Object]","level":"info"}
{"message":"21:44:39 | SELECT count(*) as cnt FROM user_table WHERE uid = 'choiyw2';","level":"info"}
{"message":"21:44:39 | SELECT * FROM user_table WHERE uid = ? AND pwd = md5(?)","level":"info"}
{"message":"21:44:39 | status[4] vcode[1234] code[1234]","level":"info"}
{"message":"21:44:39 | [object Object]","level":"info"}
{"message":"21:44:39 | status[4] vcode[1234] code[1234]","level":"info"}
{"message":"21:44:39 | insert execute --> user_login_info seq = 176","level":"info"}
{"message":"21:44:39 | insert execute --> last login update","level":"info"}
{"message":"ERROR=>TypeError: Cannot convert object to primitive value","level":"error"}
{"message":"ERROR=>TypeError: Cannot convert object to primitive value","level":"error"}
{"message":"ERROR=>TypeError: Cannot convert object to primitive value","level":"error"}
{"message":"21:52:23 | query is not excuted.\nError: ER_BAD_FIELD_ERROR: Unknown column 'score2' in 'field list'","level":"info"}
{"message":"ERROR=>TypeError: Cannot convert object to primitive value","level":"error"}
{"message":"21:53:39 | query is not excuted.\nError: ER_DATA_TOO_LONG: Data too long for column 'ymd' at row 2","level":"info"}
{"message":"ERROR=>TypeError: Cannot convert object to primitive value","level":"error"}
{"message":"21:54:32 | query is not excuted.\nError: ER_DATA_TOO_LONG: Data too long for column 'ymd' at row 2","level":"info"}
{"message":"ERROR=>TypeError: Cannot convert object to primitive value","level":"error"}
{"message":"21:54:47 | query is not excuted.\nError: ER_DATA_TOO_LONG: Data too long for column 'ymd' at row 2","level":"info"}
{"message":"ERROR=>TypeError: Cannot convert object to primitive value","level":"error"}
{"message":"21:55:41 | query is not excuted.\nError: ER_DATA_TOO_LONG: Data too long for column 'ymd' at row 2","level":"info"}
{"message":"ERROR=>TypeError: Cannot convert object to primitive value","level":"error"}
{"message":"21:55:55 | query is not excuted.\nError: ER_DATA_TOO_LONG: Data too long for column 'ymd' at row 2","level":"info"}
{"message":"ERROR=>TypeError: Cannot convert object to primitive value","level":"error"}
{"message":"21:56:09 | query is not excuted.\nError: ER_DATA_TOO_LONG: Data too long for column 'ymd' at row 2","level":"info"}
{"message":"ERROR=>TypeError: Cannot convert object to primitive value","level":"error"}
{"message":"21:56:29 | query is not excuted.\nError: ER_DATA_TOO_LONG: Data too long for column 'ymd' at row 2","level":"info"}
{"message":"ERROR=>TypeError: Cannot convert object to primitive value","level":"error"}
{"message":"21:56:40 | query is not excuted.\nError: ER_DATA_TOO_LONG: Data too long for column 'ymd' at row 2","level":"info"}
{"message":"ERROR=>TypeError: Cannot convert object to primitive value","level":"error"}
{"message":"ERROR=>TypeError: Cannot convert object to primitive value","level":"error"}
{"message":"ERROR=>TypeError: Cannot convert object to primitive value","level":"error"}
{"message":"ERROR=>TypeError: Cannot convert object to primitive value","level":"error"}
{"message":"22:00:17 | query is not excuted.\nError: ER_DUP_ENTRY: Duplicate entry '2-20210120' for key 'asmonel.uk_asmonel'","level":"info"}
{"message":"ERROR=>TypeError: Cannot convert object to primitive value","level":"error"}
{"message":"ERROR=>TypeError: Cannot convert object to primitive value","level":"error"}
{"message":"22:00:55 | query is not excuted.\nError: ER_DUP_ENTRY: Duplicate entry '2-20210120' for key 'asmonel.uk_asmonel'","level":"info"}
{"message":"ERROR=>TypeError: Cannot convert object to primitive value","level":"error"}
{"message":"ERROR=>TypeError: Cannot convert object to primitive value","level":"error"}
{"message":"ERROR=>TypeError: Cannot convert object to primitive value","level":"error"}
{"message":"ERROR=>TypeError: Cannot convert object to primitive value","level":"error"}
{"message":"ERROR=>TypeError: Cannot convert object to primitive value","level":"error"}
{"message":"ERROR=>TypeError: Cannot convert object to primitive value","level":"error"}
{"message":"ERROR=>TypeError: Cannot convert object to primitive value","level":"error"}
{"message":"ERROR=>TypeError: Cannot convert object to primitive value","level":"error"}
{"message":"ERROR=>TypeError: Cannot convert object to primitive value","level":"error"}
{"message":"ERROR=>TypeError: Cannot convert object to primitive value","level":"error"}
{"message":"ERROR=>TypeError: Cannot convert object to primitive value","level":"error"}
{"message":"ERROR=>TypeError: Cannot convert object to primitive value","level":"error"}
{"message":"ERROR=>TypeError: Cannot convert object to primitive value","level":"error"}
{"message":"ERROR=>TypeError: Cannot convert object to primitive value","level":"error"}
{"message":"ERROR=>TypeError: Cannot convert object to primitive value","level":"error"}
{"message":"ERROR=>TypeError: Cannot convert object to primitive value","level":"error"}
{"message":"ERROR=>TypeError: Cannot convert object to primitive value","level":"error"}
{"message":"ERROR=>TypeError: Cannot convert object to primitive value","level":"error"}
{"message":"ERROR=>TypeError: Cannot convert object to primitive value","level":"error"}
{"message":"ERROR=>TypeError: Cannot convert object to primitive value","level":"error"}
{"message":"ERROR=>TypeError: Cannot convert object to primitive value","level":"error"}
{"message":"ERROR=>TypeError: Cannot convert object to primitive value","level":"error"}
{"message":"ERROR=>TypeError: Cannot convert object to primitive value","level":"error"}
{"message":"ERROR=>TypeError: Cannot convert object to primitive value","level":"error"}
{"message":"ERROR=>TypeError: Cannot convert object to primitive value","level":"error"}
{"message":"ERROR=>TypeError: Cannot convert object to primitive value","level":"error"}
{"message":"ERROR=>TypeError: Cannot convert object to primitive value","level":"error"}
{"message":"ERROR=>TypeError: Cannot convert object to primitive value","level":"error"}
{"message":"ERROR=>TypeError: Cannot convert object to primitive value","level":"error"}
{"message":"ERROR=>TypeError: Cannot convert object to primitive value","level":"error"}
{"message":"ERROR=>TypeError: Cannot convert object to primitive value","level":"error"}
{"message":"ERROR=>TypeError: Cannot convert object to primitive value","level":"error"}
{"message":"ERROR=>TypeError: Cannot convert object to primitive value","level":"error"}
{"message":"ERROR=>TypeError: Cannot convert object to primitive value","level":"error"}
{"message":"ERROR=>TypeError: Cannot convert object to primitive value","level":"error"}
{"message":"ERROR=>TypeError: Cannot convert object to primitive value","level":"error"}
{"message":"ERROR=>TypeError: Cannot convert object to primitive value","level":"error"}
{"message":"ERROR=>TypeError: Cannot convert object to primitive value","level":"error"}
{"message":"22:21:37 | query is not excuted.\nError: ER_DUP_ENTRY: Duplicate entry '2-20210120' for key 'asmonel.uk_asmonel'","level":"info"}
{"message":"ERROR=>TypeError: Cannot convert object to primitive value","level":"error"}
{"message":"ERROR=>TypeError: Cannot convert object to primitive value","level":"error"}
{"message":"22:22:51 | query is not excuted.\nError: ER_DUP_ENTRY: Duplicate entry '2-20210120' for key 'asmonel.uk_asmonel'","level":"info"}
{"message":"ERROR=>TypeError: Cannot convert object to primitive value","level":"error"}
{"message":"ERROR=>TypeError: Cannot convert object to primitive value","level":"error"}
{"message":"22:23:01 | query is not excuted.\nError: ER_DUP_ENTRY: Duplicate entry '2-20210120' for key 'asmonel.uk_asmonel'","level":"info"}
{"message":"ERROR=>TypeError: Cannot convert object to primitive value","level":"error"}
{"message":"22:24:06 | query is not excuted.\nError: ER_DUP_ENTRY: Duplicate entry '2-20210120' for key 'asmonel.uk_asmonel'","level":"info"}
{"message":"ERROR=>TypeError: Cannot convert object to primitive value","level":"error"}
{"message":"ERROR=>TypeError: Cannot convert object to primitive value","level":"error"}
{"message":"ERROR=>TypeError: Cannot convert object to primitive value","level":"error"}
{"message":"ERROR=>TypeError: Cannot convert object to primitive value","level":"error"}
{"message":"ERROR=>TypeError: Cannot convert object to primitive value","level":"error"}
{"message":"ERROR=>TypeError: Cannot convert object to primitive value","level":"error"}
{"message":"ERROR=>TypeError: Cannot convert object to primitive value","level":"error"}
{"message":"ERROR=>TypeError: Cannot convert object to primitive value","level":"error"}
{"message":"ERROR=>TypeError: Cannot convert object to primitive value","level":"error"}
{"message":"ERROR=>TypeError: Cannot convert object to primitive value","level":"error"}
{"message":"ERROR=>TypeError: Cannot convert object to primitive value","level":"error"}
{"message":"22:46:43 | SELECT count(*) as cnt FROM user_table WHERE uid = 'choiyw2';","level":"info"}
{"message":"22:46:43 | SELECT * FROM user_table WHERE uid = ? AND pwd = md5(?)","level":"info"}
{"message":"22:46:43 | status[4] vcode[1234] code[1234]","level":"info"}
{"message":"22:46:43 | status[4] vcode[1234] code[1234]","level":"info"}
{"message":"22:46:43 | [object Object]","level":"info"}
{"message":"22:46:43 | insert execute --> user_login_info seq = 177","level":"info"}
{"message":"22:46:43 | insert execute --> last login update","level":"info"}
{"message":"ERROR=>TypeError: Cannot convert object to primitive value","level":"error"}
{"message":"ERROR=>TypeError: Cannot convert object to primitive value","level":"error"}
{"message":"ERROR=>TypeError: Cannot convert object to primitive value","level":"error"}
{"message":"ERROR=>TypeError: Cannot convert object to primitive value","level":"error"}
{"message":"ERROR=>TypeError: Cannot convert object to primitive value","level":"error"}
{"message":"ERROR=>TypeError: Cannot convert object to primitive value","level":"error"}
{"message":"ERROR=>TypeError: Cannot convert object to primitive value","level":"error"}
{"message":"ERROR=>TypeError: Cannot convert object to primitive value","level":"error"}
{"message":"ERROR=>TypeError: Cannot convert object to primitive value","level":"error"}
{"message":"ERROR=>TypeError: Cannot convert object to primitive value","level":"error"}
{"message":"ERROR=>TypeError: Cannot convert object to primitive value","level":"error"}
{"message":"ERROR=>TypeError: Cannot convert object to primitive value","level":"error"}
{"message":"ERROR=>TypeError: Cannot convert object to primitive value","level":"error"}
{"message":"ERROR=>TypeError: Cannot convert object to primitive value","level":"error"}
{"message":"ERROR=>TypeError: Cannot convert object to primitive value","level":"error"}
{"message":"ERROR=>TypeError: Cannot convert object to primitive value","level":"error"}
{"message":"ERROR=>TypeError: Cannot convert object to primitive value","level":"error"}
{"message":"ERROR=>TypeError: Cannot convert object to primitive value","level":"error"}
{"message":"ERROR=>TypeError: Cannot convert object to primitive value","level":"error"}
{"message":"ERROR=>TypeError: Cannot convert object to primitive value","level":"error"}
{"message":"ERROR=>TypeError: Cannot convert object to primitive value","level":"error"}
{"message":"ERROR=>TypeError: Cannot convert object to primitive value","level":"error"}
{"message":"ERROR=>TypeError: Cannot convert object to primitive value","level":"error"}
{"message":"ERROR=>TypeError: Cannot convert object to primitive value","level":"error"}
{"message":"23:29:50 | query is not excuted. select fail\nError: ER_PARSE_ERROR: You have an error in your SQL syntax; check the manual that corresponds to your MySQL server version for the right syntax to use near '?  UNION ALL  SELECT   '3' AS gubun,  '평균' AS ym,  '' AS uid,  FORMAT(ROUND(' at line 1","level":"info"}
{"message":"23:30:19 | [object Object]","level":"info"}
{"message":"23:30:26 | [object Object]","level":"info"}
{"message":"23:30:32 | [object Object]","level":"info"}
{"message":"ERROR=>TypeError: Cannot convert object to primitive value","level":"error"}
{"message":"ERROR=>TypeError: Cannot convert object to primitive value","level":"error"}
{"message":"ERROR=>TypeError: Cannot convert object to primitive value","level":"error"}
{"message":"ERROR=>TypeError: Cannot convert object to primitive value","level":"error"}
{"message":"ERROR=>TypeError: Cannot convert object to primitive value","level":"error"}
{"message":"ERROR=>TypeError: Cannot convert object to primitive value","level":"error"}
{"message":"ERROR=>TypeError: Cannot convert object to primitive value","level":"error"}
{"message":"ERROR=>TypeError: Cannot convert object to primitive value","level":"error"}
{"message":"ERROR=>TypeError: Cannot convert object to primitive value","level":"error"}
{"message":"ERROR=>TypeError: Cannot convert object to primitive value","level":"error"}
{"message":"ERROR=>TypeError: Cannot convert object to primitive value","level":"error"}
{"message":"ERROR=>TypeError: Cannot convert object to primitive value","level":"error"}
{"message":"ERROR=>TypeError: Cannot convert object to primitive value","level":"error"}
{"message":"ERROR=>TypeError: Cannot convert object to primitive value","level":"error"}
{"message":"ERROR=>TypeError: Cannot convert object to primitive value","level":"error"}
{"message":"ERROR=>TypeError: Cannot convert object to primitive value","level":"error"}
