{"message":"1:04:26 | SELECT count(*) as cnt FROM user_table WHERE uid = 'choiyw2';","level":"info"}
{"message":"1:04:26 | SELECT * FROM user_table WHERE uid = ? AND pwd = md5(?)","level":"info"}
{"message":"1:04:26 | status[3] vcode[1234] code[1234]","level":"info"}
{"message":"1:04:26 | status[3] vcode[1234] code[1234]","level":"info"}
{"message":"1:04:26 | [object Object]","level":"info"}
{"message":"1:04:26 | insert execute --> user_login_info seq = 183","level":"info"}
{"message":"1:04:26 | insert execute --> last login update","level":"info"}
{"message":"ERROR=>TypeError: Cannot convert object to primitive value","level":"error"}
{"message":"ERROR=>TypeError: Cannot convert object to primitive value","level":"error"}
{"message":"ERROR=>TypeError: Cannot convert object to primitive value","level":"error"}
{"message":"ERROR=>TypeError: Cannot convert object to primitive value","level":"error"}
{"message":"ERROR=>TypeError: Cannot convert object to primitive value","level":"error"}
{"message":"ERROR=>TypeError: Cannot convert object to primitive value","level":"error"}
{"message":"ERROR=>TypeError: Cannot convert object to primitive value","level":"error"}
{"message":"ERROR=>TypeError: Cannot convert object to primitive value","level":"error"}
{"message":"ERROR=>TypeError: Cannot convert object to primitive value","level":"error"}
{"message":"ERROR=>TypeError: Cannot convert object to primitive value","level":"error"}
{"message":"ERROR=>TypeError: Cannot convert object to primitive value","level":"error"}
{"message":"ERROR=>TypeError: Cannot convert object to primitive value","level":"error"}
{"message":"ERROR=>TypeError: Cannot convert object to primitive value","level":"error"}
{"message":"ERROR=>TypeError: Cannot convert object to primitive value","level":"error"}
{"message":"ERROR=>TypeError: Cannot convert object to primitive value","level":"error"}
{"message":"ERROR=>TypeError: Cannot convert object to primitive value","level":"error"}
{"message":"ERROR=>TypeError: Cannot convert object to primitive value","level":"error"}
{"message":"1:30:40 | logout","level":"info"}
{"message":"1:36:15 | SELECT count(*) as cnt FROM user_table WHERE uid = 'choiyw2';","level":"info"}
{"message":"1:36:15 | SELECT * FROM user_table WHERE uid = ? AND pwd = md5(?)","level":"info"}
{"message":"1:36:15 | status[3] vcode[1234] code[1234]","level":"info"}
{"message":"1:36:15 | [object Object]","level":"info"}
{"message":"1:36:15 | status[3] vcode[1234] code[1234]","level":"info"}
{"message":"1:36:15 | insert execute --> user_login_info seq = 184","level":"info"}
{"message":"1:36:15 | insert execute --> last login update","level":"info"}
{"message":"ERROR=>TypeError: Cannot convert object to primitive value","level":"error"}
{"message":"ERROR=>TypeError: Cannot convert object to primitive value","level":"error"}
