{"message":"1:17:11 | SELECT count(*) as cnt FROM user_table WHERE uid = 'choiyw2';","level":"info"}
{"message":"1:17:11 | SELECT * FROM user_table WHERE uid = ? AND pwd = md5(?)","level":"info"}
{"message":"1:17:11 | [object Object]","level":"info"}
{"message":"1:17:11 | status[4] vcode[1234] code[1234]","level":"info"}
{"message":"1:17:11 | status[4] vcode[1234] code[1234]","level":"info"}
{"message":"1:17:11 | insert execute --> user_login_info seq = 212","level":"info"}
{"message":"1:17:12 | insert execute --> last login update","level":"info"}
{"message":"1:31:37 | SELECT * FROM card_info WHERE cardlevel = 'SSS+' ORDER BY cardname","level":"info"}
{"message":"1:31:43 | SELECT * FROM card_info WHERE seq = 38 ","level":"info"}
{"message":"1:31:58 | SELECT * FROM card_info WHERE seq = 38 ","level":"info"}
{"message":"ERROR=>TypeError: Cannot convert object to primitive value","level":"error"}
{"message":"1:32:08 | 0.000","level":"info"}
{"message":"1:32:08 | 0.000","level":"info"}
{"message":"1:32:35 | SELECT * FROM card_info WHERE seq = 75 ","level":"info"}
{"message":"1:52:03 | SELECT * FROM card_info WHERE cardlevel = 'SSS+' ORDER BY cardname","level":"info"}
{"message":"1:52:04 | SELECT * FROM card_info WHERE seq = 72 ","level":"info"}
{"message":"1:52:22 | SELECT * FROM card_info WHERE seq = 75 ","level":"info"}
{"message":"ERROR=>TypeError: Cannot convert object to primitive value","level":"error"}
{"message":"1:52:24 | 0.000","level":"info"}
{"message":"1:52:24 | 0.000","level":"info"}
{"message":"ERROR=>TypeError: Cannot convert object to primitive value","level":"error"}
{"message":"1:52:25 | 0.000","level":"info"}
{"message":"1:52:25 | 0.000","level":"info"}
{"message":"1:53:16 | SELECT * FROM card_info WHERE cardlevel = 'SSS+' ORDER BY cardname","level":"info"}
{"message":"1:53:44 | SELECT * FROM card_info WHERE seq = 148 ","level":"info"}
{"message":"1:54:38 | SELECT * FROM card_info WHERE cardlevel = 'SSS+' ORDER BY cardname","level":"info"}
{"message":"1:54:41 | SELECT * FROM card_info WHERE seq = 149 ","level":"info"}
{"message":"1:56:41 | SELECT * FROM card_info WHERE cardlevel = 'SSS+' ORDER BY cardname","level":"info"}
{"message":"1:56:44 | SELECT * FROM card_info WHERE seq = 109 ","level":"info"}
{"message":"1:57:06 | SELECT * FROM card_info WHERE seq = 126 ","level":"info"}
{"message":"1:57:31 | SELECT * FROM card_info WHERE cardlevel = 'SSS+' ORDER BY cardname","level":"info"}
{"message":"1:57:33 | SELECT * FROM card_info WHERE seq = 115 ","level":"info"}
{"message":"1:57:50 | SELECT * FROM card_info WHERE cardlevel = 'SSS+' ORDER BY cardname","level":"info"}
{"message":"1:57:52 | SELECT * FROM card_info WHERE seq = 149 ","level":"info"}
{"message":"1:57:56 | SELECT * FROM card_info WHERE cardlevel = 'SSS+' ORDER BY cardname","level":"info"}
{"message":"1:57:58 | SELECT * FROM card_info WHERE seq = 98 ","level":"info"}
{"message":"1:58:39 | SELECT * FROM card_info WHERE seq = 36 ","level":"info"}
{"message":"1:59:17 | SELECT * FROM card_info WHERE seq = 148 ","level":"info"}
{"message":"1:59:56 | SELECT * FROM card_info WHERE seq = 148 ","level":"info"}
{"message":"2:00:16 | SELECT * FROM card_info WHERE seq = 35 ","level":"info"}
{"message":"2:00:28 | SELECT * FROM card_info WHERE seq = 149 ","level":"info"}
{"message":"2:00:54 | SELECT * FROM card_info WHERE seq = 149 ","level":"info"}
{"message":"2:01:39 | SELECT * FROM card_info WHERE seq = 35 ","level":"info"}
{"message":"2:02:26 | SELECT * FROM card_info WHERE seq = 38 ","level":"info"}
{"message":"2:02:33 | SELECT * FROM card_info WHERE seq = 35 ","level":"info"}
{"message":"2:03:21 | SELECT * FROM card_info WHERE seq = 35 ","level":"info"}
{"message":"2:04:46 | SELECT * FROM card_info WHERE cardlevel = 'SSS+' ORDER BY cardname","level":"info"}
{"message":"2:04:48 | SELECT * FROM card_info WHERE seq = 36 ","level":"info"}
{"message":"2:05:08 | SELECT * FROM card_info WHERE seq = 115 ","level":"info"}
{"message":"2:05:10 | SELECT * FROM card_info WHERE seq = 75 ","level":"info"}
{"message":"2:05:15 | SELECT * FROM card_info WHERE cardlevel = 'SSS+' ORDER BY cardname","level":"info"}
{"message":"2:05:17 | SELECT * FROM card_info WHERE seq = 72 ","level":"info"}
{"message":"2:05:39 | SELECT * FROM card_info WHERE seq = 115 ","level":"info"}
{"message":"2:05:42 | SELECT * FROM card_info WHERE seq = 75 ","level":"info"}
{"message":"2:05:46 | SELECT * FROM card_info WHERE seq = 98 ","level":"info"}
{"message":"2:05:48 | SELECT * FROM card_info WHERE seq = 109 ","level":"info"}
{"message":"2:05:51 | SELECT * FROM card_info WHERE seq = 38 ","level":"info"}
{"message":"2:05:53 | SELECT * FROM card_info WHERE seq = 57 ","level":"info"}
{"message":"2:05:59 | SELECT * FROM card_info WHERE seq = 144 ","level":"info"}
{"message":"2:06:03 | SELECT * FROM card_info WHERE seq = 135 ","level":"info"}
{"message":"2:06:07 | SELECT * FROM card_info WHERE seq = 143 ","level":"info"}
{"message":"2:06:11 | SELECT * FROM card_info WHERE seq = 155 ","level":"info"}
{"message":"2:06:15 | SELECT * FROM card_info WHERE seq = 114 ","level":"info"}
{"message":"2:06:18 | SELECT * FROM card_info WHERE seq = 142 ","level":"info"}
{"message":"2:06:25 | SELECT * FROM card_info WHERE seq = 132 ","level":"info"}
{"message":"2:06:29 | SELECT * FROM card_info WHERE seq = 87 ","level":"info"}
{"message":"2:06:33 | SELECT * FROM card_info WHERE seq = 133 ","level":"info"}
{"message":"2:07:21 | SELECT * FROM card_info WHERE cardlevel = 'SSS+' ORDER BY cardname","level":"info"}
{"message":"2:07:22 | SELECT * FROM card_info WHERE seq = 35 ","level":"info"}
{"message":"2:07:24 | SELECT * FROM card_info WHERE seq = 153 ","level":"info"}
{"message":"2:07:35 | SELECT * FROM card_info WHERE seq = 164 ","level":"info"}
{"message":"2:07:39 | SELECT * FROM card_info WHERE seq = 161 ","level":"info"}
{"message":"ERROR=>TypeError: Cannot convert object to primitive value","level":"error"}
{"message":"2:08:01 | 0.000","level":"info"}
{"message":"2:08:01 | 0.000","level":"info"}
{"message":"2:08:06 | SELECT * FROM card_info WHERE seq = 126 ","level":"info"}
{"message":"2:08:08 | SELECT * FROM card_info WHERE seq = 36 ","level":"info"}
{"message":"2:08:17 | SELECT * FROM card_info WHERE seq = 109 ","level":"info"}
{"message":"2:08:27 | SELECT * FROM card_info WHERE seq = 106 ","level":"info"}
{"message":"2:13:25 | SELECT * FROM card_info WHERE cardlevel = 'SSS+' ORDER BY cardname","level":"info"}
{"message":"2:13:27 | SELECT * FROM card_info WHERE seq = 72 ","level":"info"}
{"message":"2:13:34 | SELECT * FROM card_info WHERE seq = 163 ","level":"info"}
{"message":"2:19:12 | SELECT count(*) as cnt FROM user_table WHERE uid = 'choiyw2';","level":"info"}
{"message":"2:19:12 | SELECT * FROM user_table WHERE uid = ? AND pwd = md5(?)","level":"info"}
{"message":"2:19:12 | status[4] vcode[1234] code[1234]","level":"info"}
{"message":"2:19:12 | [object Object]","level":"info"}
{"message":"2:19:12 | status[4] vcode[1234] code[1234]","level":"info"}
{"message":"2:19:12 | insert execute --> user_login_info seq = 213","level":"info"}
{"message":"2:19:12 | insert execute --> last login update","level":"info"}
{"message":"2:19:15 | SELECT * FROM card_info WHERE cardlevel = 'SSS+' ORDER BY cardname","level":"info"}
{"message":"2:19:16 | SELECT * FROM card_info WHERE seq = 72 ","level":"info"}
{"message":"2:21:11 | SELECT * FROM card_info WHERE cardlevel = 'SSS+' ORDER BY cardname","level":"info"}
{"message":"2:21:12 | SELECT * FROM card_info WHERE seq = 72 ","level":"info"}
{"message":"2:21:31 | SELECT * FROM card_info WHERE cardlevel = 'SSS+' ORDER BY cardname","level":"info"}
{"message":"2:21:32 | SELECT * FROM card_info WHERE seq = 72 ","level":"info"}
{"message":"2:22:00 | SELECT * FROM card_info WHERE cardlevel = 'SSS+' ORDER BY cardname","level":"info"}
{"message":"2:22:02 | SELECT * FROM card_info WHERE seq = 75 ","level":"info"}
{"message":"2:22:27 | SELECT * FROM card_info WHERE cardlevel = 'SSS+' ORDER BY cardname","level":"info"}
{"message":"2:22:31 | SELECT * FROM card_info WHERE seq = 120 ","level":"info"}
{"message":"2:22:53 | SELECT * FROM card_info WHERE cardlevel = 'SSS+' ORDER BY cardname","level":"info"}
{"message":"2:22:54 | SELECT * FROM card_info WHERE seq = 72 ","level":"info"}
{"message":"2:23:01 | SELECT * FROM card_info WHERE seq = 98 ","level":"info"}
{"message":"2:26:42 | SELECT * FROM card_info WHERE seq = 75 ","level":"info"}
{"message":"2:26:43 | 0.000","level":"info"}
{"message":"ERROR=>TypeError: Cannot convert object to primitive value","level":"error"}
{"message":"2:26:43 | 0.000","level":"info"}
{"message":"2:26:55 | SELECT * FROM card_info WHERE seq = 99 ","level":"info"}
{"message":"2:28:53 | SELECT * FROM card_info WHERE cardlevel = 'SSS' ORDER BY cardname","level":"info"}
{"message":"2:29:04 | SELECT * FROM card_info WHERE cardlevel = 'SS' ORDER BY cardname","level":"info"}
{"message":"2:29:08 | SELECT * FROM card_info WHERE cardlevel = 'SSS' ORDER BY cardname","level":"info"}
{"message":"3:59:57 | SELECT count(*) as cnt FROM user_table WHERE uid = 'choiyw2';","level":"info"}
{"message":"3:59:57 | SELECT * FROM user_table WHERE uid = ? AND pwd = md5(?)","level":"info"}
{"message":"3:59:57 | status[4] vcode[1234] code[1234]","level":"info"}
{"message":"3:59:57 | status[4] vcode[1234] code[1234]","level":"info"}
{"message":"3:59:57 | [object Object]","level":"info"}
{"message":"3:59:57 | insert execute --> user_login_info seq = 214","level":"info"}
{"message":"3:59:57 | insert execute --> last login update","level":"info"}
