{"message":"1:03:32 | SELECT count(*) as cnt FROM user_table WHERE uid = 'choiyw2';","level":"info"}
{"message":"1:03:32 | SELECT * FROM user_table WHERE uid = ? AND pwd = md5(?)","level":"info"}
{"message":"1:03:32 | status[4] vcode[1234] code[1234]","level":"info"}
{"message":"1:03:32 | status[4] vcode[1234] code[1234]","level":"info"}
{"message":"1:03:32 | [object Object]","level":"info"}
{"message":"1:03:32 | insert execute --> user_login_info seq = 207","level":"info"}
{"message":"1:03:32 | insert execute --> last login update","level":"info"}
{"message":"ERROR=>TypeError: Cannot convert object to primitive value","level":"error"}
{"message":"1:14:28 | logout","level":"info"}
{"message":"17:35:09 | SELECT count(*) as cnt FROM user_table WHERE uid = 'choiyw2';","level":"info"}
{"message":"17:35:09 | SELECT * FROM user_table WHERE uid = ? AND pwd = md5(?)","level":"info"}
{"message":"17:35:09 | status[4] vcode[1234] code[1234]","level":"info"}
{"message":"17:35:09 | status[4] vcode[1234] code[1234]","level":"info"}
{"message":"17:35:09 | [object Object]","level":"info"}
{"message":"17:35:09 | insert execute --> user_login_info seq = 208","level":"info"}
{"message":"17:35:09 | insert execute --> last login update","level":"info"}
{"message":"18:28:04 | ReferenceError: rows is not defined","level":"info"}
{"message":"18:28:34 | ReferenceError: rows is not defined","level":"info"}
{"message":"18:28:49 | ReferenceError: rows is not defined","level":"info"}
{"message":"18:29:31 | ReferenceError: rows is not defined","level":"info"}
{"message":"18:29:44 | ReferenceError: rows is not defined","level":"info"}
{"message":"18:39:48 | SELECT count(*) as cnt FROM user_table WHERE uid = 'choiyw2';","level":"info"}
{"message":"18:39:48 | SELECT * FROM user_table WHERE uid = ? AND pwd = md5(?)","level":"info"}
{"message":"18:39:48 | status[4] vcode[1234] code[1234]","level":"info"}
{"message":"18:39:48 | status[4] vcode[1234] code[1234]","level":"info"}
{"message":"18:39:48 | [object Object]","level":"info"}
{"message":"18:39:48 | insert execute --> user_login_info seq = 209","level":"info"}
{"message":"18:39:48 | insert execute --> last login update","level":"info"}
{"message":"ERROR=>TypeError: Cannot convert object to primitive value","level":"error"}
{"message":"19:43:02 | SELECT count(*) as cnt FROM user_table WHERE uid = 'choiyw2';","level":"info"}
{"message":"19:43:02 | SELECT * FROM user_table WHERE uid = ? AND pwd = md5(?)","level":"info"}
{"message":"19:43:02 | status[4] vcode[1234] code[1234]","level":"info"}
{"message":"19:43:02 | status[4] vcode[1234] code[1234]","level":"info"}
{"message":"19:43:02 | [object Object]","level":"info"}
{"message":"19:43:02 | insert execute --> user_login_info seq = 210","level":"info"}
{"message":"19:43:02 | insert execute --> last login update","level":"info"}
{"message":"ERROR=>TypeError: Cannot convert object to primitive value","level":"error"}
{"message":"20:45:37 | SELECT count(*) as cnt FROM user_table WHERE uid = 'choiyw2';","level":"info"}
{"message":"20:45:37 | SELECT * FROM user_table WHERE uid = ? AND pwd = md5(?)","level":"info"}
{"message":"20:45:37 | status[4] vcode[1234] code[1234]","level":"info"}
{"message":"20:45:37 | [object Object]","level":"info"}
{"message":"20:45:37 | status[4] vcode[1234] code[1234]","level":"info"}
{"message":"20:45:37 | insert execute --> user_login_info seq = 211","level":"info"}
{"message":"20:45:37 | insert execute --> last login update","level":"info"}
