{"message":"15:00:05 | SELECT count(*) as cnt FROM user_table WHERE uid = 'choiyw2';","level":"info"}
{"message":"15:00:05 | SELECT * FROM user_table WHERE uid = ? AND pwd = md5(?)","level":"info"}
{"message":"15:00:05 | status[4] vcode[1234] code[1234]","level":"info"}
{"message":"15:00:05 | status[4] vcode[1234] code[1234]","level":"info"}
{"message":"15:00:05 | [object Object]","level":"info"}
{"message":"15:00:05 | insert execute --> user_login_info seq = 215","level":"info"}
{"message":"15:00:05 | insert execute --> last login update","level":"info"}
{"message":"ERROR=>TypeError: Cannot convert object to primitive value","level":"error"}
{"message":"ERROR=>TypeError: Cannot convert object to primitive value","level":"error"}
{"message":"15:45:16 | logout","level":"info"}
{"message":"16:04:53 | SELECT count(*) as cnt FROM user_table WHERE uid = 'choiyw2';","level":"info"}
{"message":"16:04:53 | SELECT * FROM user_table WHERE uid = ? AND pwd = md5(?)","level":"info"}
{"message":"16:04:53 | status[4] vcode[1234] code[1234]","level":"info"}
{"message":"16:04:53 | status[4] vcode[1234] code[1234]","level":"info"}
{"message":"16:04:53 | [object Object]","level":"info"}
{"message":"16:04:53 | insert execute --> user_login_info seq = 216","level":"info"}
{"message":"16:04:53 | insert execute --> last login update","level":"info"}
{"message":"ERROR=>TypeError: Cannot convert object to primitive value","level":"error"}
{"message":"ERROR=>TypeError: Cannot convert object to primitive value","level":"error"}
{"message":"ERROR=>TypeError: Cannot convert object to primitive value","level":"error"}
{"message":"16:16:55 | logout","level":"info"}
{"message":"16:17:26 | SELECT count(*) as cnt FROM user_table WHERE uid = 'choiyw2';","level":"info"}
{"message":"16:17:26 | SELECT * FROM user_table WHERE uid = ? AND pwd = md5(?)","level":"info"}
{"message":"16:17:26 | status[4] vcode[1234] code[1234]","level":"info"}
{"message":"16:17:26 | status[4] vcode[1234] code[1234]","level":"info"}
{"message":"16:17:26 | [object Object]","level":"info"}
{"message":"16:17:26 | insert execute --> user_login_info seq = 217","level":"info"}
{"message":"16:17:26 | insert execute --> last login update","level":"info"}
{"message":"16:19:33 | logout","level":"info"}
{"message":"16:26:19 | SELECT count(*) as cnt FROM user_table WHERE uid = 'choiyw2';","level":"info"}
{"message":"16:26:19 | SELECT * FROM user_table WHERE uid = ? AND pwd = md5(?)","level":"info"}
{"message":"16:26:19 | status[1] vcode[1234] code[1234]","level":"info"}
{"message":"16:26:19 | status[1] vcode[1234] code[1234]","level":"info"}
{"message":"16:26:19 | [object Object]","level":"info"}
{"message":"16:26:19 | insert execute --> user_login_info seq = 218","level":"info"}
{"message":"16:26:19 | insert execute --> last login update","level":"info"}
{"message":"16:28:28 | logout","level":"info"}
{"message":"16:28:53 | SELECT count(*) as cnt FROM user_table WHERE uid = 'choiyw2';","level":"info"}
{"message":"16:28:53 | SELECT * FROM user_table WHERE uid = ? AND pwd = md5(?)","level":"info"}
{"message":"16:28:53 | status[-1] vcode[] code[1234]","level":"info"}
{"message":"16:28:53 | status[-1] vcode[] code[1234]","level":"info"}
{"message":"16:29:22 | SELECT count(*) as cnt FROM user_table WHERE uid = 'choiyw2';","level":"info"}
{"message":"16:29:22 | SELECT * FROM user_table WHERE uid = ? AND pwd = md5(?)","level":"info"}
{"message":"16:29:22 | status[1] vcode[123456] code[123456]","level":"info"}
{"message":"16:29:22 | status[1] vcode[123456] code[123456]","level":"info"}
{"message":"16:29:22 | [object Object]","level":"info"}
{"message":"16:29:22 | insert execute --> user_login_info seq = 518","level":"info"}
{"message":"16:29:23 | insert execute --> last login update","level":"info"}
{"message":"16:31:16 | logout","level":"info"}
{"message":"16:31:33 | SELECT count(*) as cnt FROM user_table WHERE uid = 'choiyw2';","level":"info"}
{"message":"16:31:33 | SELECT * FROM user_table WHERE uid = ? AND pwd = md5(?)","level":"info"}
{"message":"16:31:33 | status[1] vcode[1234] code[123456]","level":"info"}
{"message":"16:31:33 | status[1] vcode[1234] code[123456]","level":"info"}
{"message":"16:31:37 | SELECT count(*) as cnt FROM user_table WHERE uid = 'choiyw2';","level":"info"}
{"message":"16:31:37 | SELECT * FROM user_table WHERE uid = ? AND pwd = md5(?)","level":"info"}
{"message":"16:31:37 | status[1] vcode[1234] code[1234]","level":"info"}
{"message":"16:31:37 | [object Object]","level":"info"}
{"message":"16:31:37 | status[1] vcode[1234] code[1234]","level":"info"}
{"message":"16:31:37 | insert execute --> user_login_info seq = 219","level":"info"}
{"message":"16:31:37 | insert execute --> last login update","level":"info"}
{"message":"ERROR=>TypeError: Cannot convert object to primitive value","level":"error"}
{"message":"16:36:35 | logout","level":"info"}
{"message":"16:40:29 | SELECT count(*) as cnt FROM user_table WHERE uid = 'choiyw2';","level":"info"}
{"message":"16:40:29 | SELECT * FROM user_table WHERE uid = ? AND pwd = md5(?)","level":"info"}
{"message":"16:40:29 | status[1] vcode[1234] code[1234]","level":"info"}
{"message":"16:40:29 | status[1] vcode[1234] code[1234]","level":"info"}
{"message":"16:40:29 | [object Object]","level":"info"}
{"message":"16:40:29 | insert execute --> user_login_info seq = 220","level":"info"}
{"message":"16:40:29 | insert execute --> last login update","level":"info"}
{"message":"16:41:39 | logout","level":"info"}
{"message":"16:44:02 | SELECT count(*) as cnt FROM user_table WHERE uid = 'choiyw2';","level":"info"}
{"message":"16:44:02 | status[1] vcode[1234] code[1234]","level":"info"}
{"message":"16:44:02 | status[1] vcode[1234] code[1234]","level":"info"}
{"message":"16:44:02 | [object Object]","level":"info"}
{"message":"16:44:02 | SELECT * FROM user_table WHERE uid = ? AND pwd = md5(?)","level":"info"}
{"message":"16:44:02 | insert execute --> user_login_info seq = 221","level":"info"}
{"message":"16:44:02 | insert execute --> last login update","level":"info"}
{"message":"16:44:19 | logout","level":"info"}
{"message":"16:44:23 | SELECT count(*) as cnt FROM user_table WHERE uid = 'choiyw2';","level":"info"}
{"message":"16:44:23 | SELECT * FROM user_table WHERE uid = ? AND pwd = md5(?)","level":"info"}
{"message":"16:44:23 | status[4] vcode[1234] code[1234]","level":"info"}
{"message":"16:44:23 | status[4] vcode[1234] code[1234]","level":"info"}
{"message":"16:44:23 | [object Object]","level":"info"}
{"message":"16:44:23 | insert execute --> user_login_info seq = 222","level":"info"}
{"message":"16:44:23 | insert execute --> last login update","level":"info"}
{"message":"16:48:47 | query is not excuted.\nError: ER_DATA_TOO_LONG: Data too long for column 'user_ip' at row 1","level":"info"}
{"message":"17:04:42 | query is not excuted. select fail\nError: ER_BAD_FIELD_ERROR: Unknown column 'b.seq' in 'field list'","level":"info"}
{"message":"17:09:31 | Error: ER_PARSE_ERROR: You have an error in your SQL syntax; check the manual that corresponds to your MySQL server version for the right syntax to use near 'FROM card_info_detail b  INNER JOIN card_info c ON b.main_seq = c.seq  WHERE b.s' at line 1","level":"info"}
{"message":"17:14:26 | logout","level":"info"}
{"message":"17:27:14 | SELECT count(*) as cnt FROM user_table WHERE uid = 'choiyw2';","level":"info"}
{"message":"17:27:14 | SELECT * FROM user_table WHERE uid = ? AND pwd = md5(?)","level":"info"}
{"message":"17:27:14 | status[4] vcode[1234] code[1234]","level":"info"}
{"message":"17:27:14 | status[4] vcode[1234] code[1234]","level":"info"}
{"message":"17:27:14 | [object Object]","level":"info"}
{"message":"17:27:14 | insert execute --> user_login_info seq = 223","level":"info"}
{"message":"17:27:14 | insert execute --> last login update","level":"info"}
{"message":"17:28:05 | logout","level":"info"}
{"message":"17:30:46 | SELECT count(*) as cnt FROM user_table WHERE uid = 'choiyw2';","level":"info"}
{"message":"17:30:46 | SELECT * FROM user_table WHERE uid = ? AND pwd = md5(?)","level":"info"}
{"message":"17:30:46 | status[4] vcode[1234] code[1234]","level":"info"}
{"message":"17:30:46 | [object Object]","level":"info"}
{"message":"17:30:46 | status[4] vcode[1234] code[1234]","level":"info"}
{"message":"17:30:46 | insert execute --> user_login_info seq = 224","level":"info"}
{"message":"17:30:46 | insert execute --> last login update","level":"info"}
{"message":"ERROR=>TypeError: Cannot convert object to primitive value","level":"error"}
{"message":"17:35:15 | logout","level":"info"}
{"message":"19:55:03 | SELECT count(*) as cnt FROM user_table WHERE uid = 'usaki';","level":"info"}
{"message":"19:55:03 | SELECT * FROM user_table WHERE uid = ? AND pwd = md5(?)","level":"info"}
{"message":"19:55:03 | status[-1] vcode[] code[1234]","level":"info"}
{"message":"19:55:03 | status[-1] vcode[] code[1234]","level":"info"}
{"message":"19:55:14 | SELECT count(*) as cnt FROM user_table WHERE uid = 'choiyw2';","level":"info"}
{"message":"19:55:14 | SELECT * FROM user_table WHERE uid = ? AND pwd = md5(?)","level":"info"}
{"message":"19:55:14 | status[4] vcode[1234] code[1234]","level":"info"}
{"message":"19:55:14 | [object Object]","level":"info"}
{"message":"19:55:14 | status[4] vcode[1234] code[1234]","level":"info"}
{"message":"19:55:14 | insert execute --> user_login_info seq = 225","level":"info"}
{"message":"19:55:14 | insert execute --> last login update","level":"info"}
{"message":"ERROR=>TypeError: Cannot convert object to primitive value","level":"error"}
{"message":"20:22:35 | logout","level":"info"}
{"message":"20:29:58 | SELECT count(*) as cnt FROM user_table WHERE uid = 'choiyw2';","level":"info"}
{"message":"20:29:58 | SELECT * FROM user_table WHERE uid = ? AND pwd = md5(?)","level":"info"}
{"message":"20:29:58 | status[4] vcode[1234] code[1234]","level":"info"}
{"message":"20:29:58 | [object Object]","level":"info"}
{"message":"20:29:58 | status[4] vcode[1234] code[1234]","level":"info"}
{"message":"20:29:58 | insert execute --> user_login_info seq = 226","level":"info"}
{"message":"20:29:58 | insert execute --> last login update","level":"info"}
{"message":"20:34:47 | query is not excuted.\nError: ER_DATA_TOO_LONG: Data too long for column 'user_ip' at row 1","level":"info"}
{"message":"20:35:27 | logout","level":"info"}
{"message":"20:42:23 | query is not excuted.\nError: ER_DATA_TOO_LONG: Data too long for column 'user_ip' at row 1","level":"info"}
