{"message":"22:27:14 | status[4] vcode[1234] code[1234]","level":"info"}
{"message":"22:50:26 | SELECT count(*) as cnt FROM user_table WHERE uid = 'choiyw2';","level":"info"}
{"message":"22:50:26 | SELECT * FROM user_table WHERE uid = ? AND pwd = md5(?)","level":"info"}
{"message":"22:50:26 | status[4] vcode[1234] code[1234]","level":"info"}
{"message":"22:50:26 | status[4] vcode[1234] code[1234]","level":"info"}
{"message":"22:50:26 | [object Object]","level":"info"}
{"message":"22:50:26 | insert execute --> user_login_info seq = 69","level":"info"}
{"message":"22:50:26 | insert execute --> last login update","level":"info"}
{"message":"22:50:29 | SELECT * FROM card_info WHERE cardlevel = 'SSS+' ORDER BY cardname","level":"info"}
{"message":"22:50:30 | SELECT * FROM card_info WHERE seq = 72 ","level":"info"}
{"message":"ERROR=>TypeError: Cannot convert object to primitive value","level":"error"}
{"message":"22:50:32 | 0.000","level":"info"}
{"message":"22:50:32 | 0.000","level":"info"}
{"message":"ERROR=>TypeError: Cannot convert object to primitive value","level":"error"}
{"message":"22:50:33 | 0.000","level":"info"}
{"message":"22:50:33 | 0.000","level":"info"}
{"message":"ERROR=>TypeError: Cannot convert object to primitive value","level":"error"}
{"message":"22:50:34 | 0.000","level":"info"}
{"message":"22:50:34 | 0.000","level":"info"}
{"message":"ERROR=>TypeError: Cannot convert object to primitive value","level":"error"}
{"message":"22:50:38 | 0.000","level":"info"}
{"message":"22:50:38 | 0.000","level":"info"}
{"message":"ERROR=>TypeError: Cannot convert object to primitive value","level":"error"}
{"message":"22:50:49 | 안녕하세요<br/>신청하신 id의 승인이 거부 되었습니다. <br/>id : 23sdf23423<br/>email : choiyw2@gmail.com<br/>nickname : aaaaaaaaaaaaaa<br/><a href=':hostAddress' target='_blank'>사이트로 이동</a>","level":"info"}
{"message":"ERROR=>TypeError: Cannot convert object to primitive value","level":"error"}
{"message":"ERROR=>TypeError: Cannot convert object to primitive value","level":"error"}
{"message":"ERROR=>TypeError: Cannot convert object to primitive value","level":"error"}
{"message":"22:54:30 | SELECT * FROM card_info WHERE cardlevel = 'SSS+' ORDER BY cardname","level":"info"}
{"message":"22:54:31 | SELECT * FROM card_info WHERE seq = 149 ","level":"info"}
