{"message":"0:03:27 | SELECT count(*) as cnt FROM user_table WHERE uid = 'choiyw2';","level":"info"}
{"message":"0:03:27 | SELECT * FROM user_table WHERE uid = ? AND pwd = md5(?)","level":"info"}
{"message":"0:03:27 | status[4] vcode[1234] code[1234]","level":"info"}
{"message":"0:03:27 | status[4] vcode[1234] code[1234]","level":"info"}
{"message":"0:03:27 | [object Object]","level":"info"}
{"message":"0:03:27 | insert execute --> user_login_info seq = 119","level":"info"}
{"message":"0:03:27 | insert execute --> last login update","level":"info"}
{"message":"0:03:59 | SELECT count(*) as cnt FROM user_table WHERE uid = 'usaki';","level":"info"}
{"message":"0:03:59 | SELECT * FROM user_table WHERE uid = ? AND pwd = md5(?)","level":"info"}
{"message":"0:03:59 | status[3] vcode[b6a3b3] code[b6a3b3]","level":"info"}
{"message":"0:03:59 | status[3] vcode[b6a3b3] code[b6a3b3]","level":"info"}
{"message":"0:03:59 | [object Object]","level":"info"}
{"message":"0:03:59 | insert execute --> user_login_info seq = 120","level":"info"}
{"message":"0:03:59 | insert execute --> last login update","level":"info"}
{"message":"0:04:26 | SELECT count(*) as cnt FROM user_table WHERE uid = 'usaki';","level":"info"}
{"message":"0:04:26 | SELECT * FROM user_table WHERE uid = ? AND pwd = md5(?)","level":"info"}
{"message":"0:04:26 | status[3] vcode[b6a3b3] code[b6a3b3]","level":"info"}
{"message":"0:04:26 | status[3] vcode[b6a3b3] code[b6a3b3]","level":"info"}
{"message":"0:04:26 | [object Object]","level":"info"}
{"message":"0:04:26 | insert execute --> user_login_info seq = 121","level":"info"}
{"message":"0:04:26 | insert execute --> last login update","level":"info"}
{"message":"0:07:32 | SELECT count(*) as cnt FROM user_table WHERE uid = 'choiyw2';","level":"info"}
{"message":"0:07:32 | SELECT * FROM user_table WHERE uid = ? AND pwd = md5(?)","level":"info"}
{"message":"0:07:32 | status[4] vcode[1234] code[1234]","level":"info"}
{"message":"0:07:32 | [object Object]","level":"info"}
{"message":"0:07:32 | status[4] vcode[1234] code[1234]","level":"info"}
{"message":"0:07:32 | insert execute --> user_login_info seq = 122","level":"info"}
{"message":"0:07:32 | insert execute --> last login update","level":"info"}
{"message":"0:07:47 | SELECT count(*) as cnt FROM user_table WHERE uid = 'usaki';","level":"info"}
{"message":"0:07:47 | SELECT * FROM user_table WHERE uid = ? AND pwd = md5(?)","level":"info"}
{"message":"0:07:47 | status[3] vcode[b6a3b3] code[b6a3b3]","level":"info"}
{"message":"0:07:47 | status[3] vcode[b6a3b3] code[b6a3b3]","level":"info"}
{"message":"0:07:47 | [object Object]","level":"info"}
{"message":"0:07:47 | insert execute --> user_login_info seq = 123","level":"info"}
{"message":"0:07:47 | insert execute --> last login update","level":"info"}
{"message":"0:09:38 | SELECT count(*) as cnt FROM user_table WHERE uid = 'choiyw2';","level":"info"}
{"message":"0:09:38 | SELECT * FROM user_table WHERE uid = ? AND pwd = md5(?)","level":"info"}
{"message":"0:09:38 | status[4] vcode[1234] code[1234]","level":"info"}
{"message":"0:09:38 | status[4] vcode[1234] code[1234]","level":"info"}
{"message":"0:09:38 | [object Object]","level":"info"}
{"message":"0:09:38 | insert execute --> user_login_info seq = 124","level":"info"}
{"message":"0:09:38 | insert execute --> last login update","level":"info"}
{"message":"0:09:43 | SELECT count(*) as cnt FROM user_table WHERE uid = 'usaki';","level":"info"}
{"message":"0:09:43 | SELECT * FROM user_table WHERE uid = ? AND pwd = md5(?)","level":"info"}
{"message":"0:09:43 | status[3] vcode[b6a3b3] code[b6a3b3]","level":"info"}
{"message":"0:09:43 | [object Object]","level":"info"}
{"message":"0:09:43 | status[3] vcode[b6a3b3] code[b6a3b3]","level":"info"}
{"message":"0:09:43 | insert execute --> user_login_info seq = 125","level":"info"}
{"message":"0:09:43 | insert execute --> last login update","level":"info"}
{"message":"0:10:04 | SELECT count(*) as cnt FROM user_table WHERE uid = 'choiyw2';","level":"info"}
{"message":"0:10:04 | SELECT * FROM user_table WHERE uid = ? AND pwd = md5(?)","level":"info"}
{"message":"0:10:04 | status[4] vcode[1234] code[1234]","level":"info"}
{"message":"0:10:04 | [object Object]","level":"info"}
{"message":"0:10:04 | status[4] vcode[1234] code[1234]","level":"info"}
{"message":"0:10:04 | insert execute --> user_login_info seq = 126","level":"info"}
{"message":"0:10:04 | insert execute --> last login update","level":"info"}
{"message":"0:11:18 | SELECT count(*) as cnt FROM user_table WHERE uid = 'choiyw2';","level":"info"}
{"message":"0:11:18 | SELECT * FROM user_table WHERE uid = ? AND pwd = md5(?)","level":"info"}
{"message":"0:11:18 | status[4] vcode[1234] code[1234]","level":"info"}
{"message":"0:11:18 | status[4] vcode[1234] code[1234]","level":"info"}
{"message":"0:11:18 | [object Object]","level":"info"}
{"message":"0:11:18 | insert execute --> user_login_info seq = 127","level":"info"}
{"message":"0:11:18 | insert execute --> last login update","level":"info"}
{"message":"0:11:23 | SELECT count(*) as cnt FROM user_table WHERE uid = 'usaki';","level":"info"}
{"message":"0:11:23 | SELECT * FROM user_table WHERE uid = ? AND pwd = md5(?)","level":"info"}
{"message":"0:11:23 | status[3] vcode[b6a3b3] code[b6a3b3]","level":"info"}
{"message":"0:11:23 | status[3] vcode[b6a3b3] code[b6a3b3]","level":"info"}
{"message":"0:11:23 | [object Object]","level":"info"}
{"message":"0:11:23 | insert execute --> user_login_info seq = 128","level":"info"}
{"message":"0:11:23 | insert execute --> last login update","level":"info"}
{"message":"0:18:24 | SELECT count(*) as cnt FROM user_table WHERE uid = 'choiyw2';","level":"info"}
{"message":"0:18:24 | SELECT * FROM user_table WHERE uid = ? AND pwd = md5(?)","level":"info"}
{"message":"0:18:24 | status[4] vcode[1234] code[1234]","level":"info"}
{"message":"0:18:24 | status[4] vcode[1234] code[1234]","level":"info"}
{"message":"0:18:24 | [object Object]","level":"info"}
{"message":"0:18:24 | insert execute --> user_login_info seq = 129","level":"info"}
{"message":"0:18:24 | insert execute --> last login update","level":"info"}
{"message":"0:20:20 | SELECT count(*) as cnt FROM user_table WHERE uid = 'choiyw2';","level":"info"}
{"message":"0:20:20 | SELECT * FROM user_table WHERE uid = ? AND pwd = md5(?)","level":"info"}
{"message":"0:20:20 | status[4] vcode[1234] code[1234]","level":"info"}
{"message":"0:20:20 | [object Object]","level":"info"}
{"message":"0:20:20 | status[4] vcode[1234] code[1234]","level":"info"}
{"message":"0:20:20 | insert execute --> user_login_info seq = 130","level":"info"}
{"message":"0:20:20 | insert execute --> last login update","level":"info"}
{"message":"0:20:29 | SELECT count(*) as cnt FROM user_table WHERE uid = 'usaki';","level":"info"}
{"message":"0:20:29 | SELECT * FROM user_table WHERE uid = ? AND pwd = md5(?)","level":"info"}
{"message":"0:20:29 | status[3] vcode[b6a3b3] code[b6a3b3]","level":"info"}
{"message":"0:20:29 | status[3] vcode[b6a3b3] code[b6a3b3]","level":"info"}
{"message":"0:20:29 | [object Object]","level":"info"}
{"message":"0:20:29 | query is not excuted.\nError: ER_DATA_TOO_LONG: Data too long for column 'user_ip' at row 2","level":"info"}
{"message":"0:20:29 | insert execute --> last login update","level":"info"}
{"message":"0:23:51 | SELECT count(*) as cnt FROM user_table WHERE uid = 'choiyw2';","level":"info"}
{"message":"0:23:51 | SELECT * FROM user_table WHERE uid = ? AND pwd = md5(?)","level":"info"}
{"message":"0:23:51 | status[4] vcode[1234] code[1234]","level":"info"}
{"message":"0:23:51 | status[4] vcode[1234] code[1234]","level":"info"}
{"message":"0:23:51 | [object Object]","level":"info"}
{"message":"0:23:51 | insert execute --> user_login_info seq = 131","level":"info"}
{"message":"0:23:51 | insert execute --> last login update","level":"info"}
{"message":"0:23:58 | SELECT count(*) as cnt FROM user_table WHERE uid = 'usaki';","level":"info"}
{"message":"0:23:58 | SELECT * FROM user_table WHERE uid = ? AND pwd = md5(?)","level":"info"}
{"message":"0:23:58 | status[3] vcode[b6a3b3] code[b6a3b3]","level":"info"}
{"message":"0:23:58 | status[3] vcode[b6a3b3] code[b6a3b3]","level":"info"}
{"message":"0:23:58 | [object Object]","level":"info"}
{"message":"0:23:58 | insert execute --> user_login_info seq = 132","level":"info"}
{"message":"0:23:58 | insert execute --> last login update","level":"info"}
{"message":"0:32:55 | SELECT count(*) as cnt FROM user_table WHERE uid = 'choiyw2';","level":"info"}
{"message":"0:32:55 | SELECT * FROM user_table WHERE uid = ? AND pwd = md5(?)","level":"info"}
{"message":"0:32:55 | status[4] vcode[1234] code[1234]","level":"info"}
{"message":"0:32:55 | status[4] vcode[1234] code[1234]","level":"info"}
{"message":"0:32:55 | [object Object]","level":"info"}
{"message":"0:32:55 | insert execute --> user_login_info seq = 133","level":"info"}
{"message":"0:32:55 | insert execute --> last login update","level":"info"}
{"message":"0:33:04 | SELECT count(*) as cnt FROM user_table WHERE uid = 'usaki';","level":"info"}
{"message":"0:33:04 | SELECT * FROM user_table WHERE uid = ? AND pwd = md5(?)","level":"info"}
{"message":"0:33:04 | status[3] vcode[b6a3b3] code[b6a3b3]","level":"info"}
{"message":"0:33:04 | [object Object]","level":"info"}
{"message":"0:33:04 | status[3] vcode[b6a3b3] code[b6a3b3]","level":"info"}
{"message":"0:33:04 | insert execute --> user_login_info seq = 134","level":"info"}
{"message":"0:33:04 | insert execute --> last login update","level":"info"}
{"message":"0:33:41 | SELECT * FROM card_info WHERE cardlevel = 'SSS+' ORDER BY cardname","level":"info"}
{"message":"0:33:48 | SELECT * FROM card_info WHERE seq = 57 ","level":"info"}
{"message":"0:50:02 | SELECT count(*) as cnt FROM user_table WHERE uid = 'choiyw2';","level":"info"}
{"message":"0:50:02 | SELECT * FROM user_table WHERE uid = ? AND pwd = md5(?)","level":"info"}
{"message":"0:50:02 | status[4] vcode[1234] code[1234]","level":"info"}
{"message":"0:50:02 | status[4] vcode[1234] code[1234]","level":"info"}
{"message":"0:50:02 | [object Object]","level":"info"}
{"message":"0:50:02 | insert execute --> user_login_info seq = 135","level":"info"}
{"message":"0:50:02 | insert execute --> last login update","level":"info"}
{"message":"0:50:16 | SELECT count(*) as cnt FROM user_table WHERE uid = 'usaki';","level":"info"}
{"message":"0:50:16 | SELECT * FROM user_table WHERE uid = ? AND pwd = md5(?)","level":"info"}
{"message":"0:50:16 | status[3] vcode[b6a3b3] code[b6a3b3]","level":"info"}
{"message":"0:50:16 | status[3] vcode[b6a3b3] code[b6a3b3]","level":"info"}
{"message":"0:50:16 | [object Object]","level":"info"}
{"message":"0:50:16 | insert execute --> user_login_info seq = 136","level":"info"}
{"message":"0:50:16 | insert execute --> last login update","level":"info"}
{"message":"0:52:18 | SELECT count(*) as cnt FROM user_table WHERE uid = 'choiyw2';","level":"info"}
{"message":"0:52:18 | SELECT * FROM user_table WHERE uid = ? AND pwd = md5(?)","level":"info"}
{"message":"0:52:18 | status[4] vcode[1234] code[1234]","level":"info"}
{"message":"0:52:18 | status[4] vcode[1234] code[1234]","level":"info"}
{"message":"0:52:18 | [object Object]","level":"info"}
{"message":"0:52:18 | insert execute --> user_login_info seq = 137","level":"info"}
{"message":"0:52:18 | insert execute --> last login update","level":"info"}
{"message":"0:57:10 | SELECT count(*) as cnt FROM user_table WHERE uid = 'choiyw2';","level":"info"}
{"message":"0:57:10 | SELECT * FROM user_table WHERE uid = ? AND pwd = md5(?)","level":"info"}
{"message":"0:57:10 | status[4] vcode[1234] code[1234]","level":"info"}
{"message":"0:57:10 | status[4] vcode[1234] code[1234]","level":"info"}
{"message":"0:57:10 | [object Object]","level":"info"}
{"message":"0:57:10 | insert execute --> user_login_info seq = 138","level":"info"}
{"message":"0:57:10 | insert execute --> last login update","level":"info"}
{"message":"0:58:35 | SELECT count(*) as cnt FROM user_table WHERE uid = 'choiyw2';","level":"info"}
{"message":"0:58:35 | SELECT * FROM user_table WHERE uid = ? AND pwd = md5(?)","level":"info"}
{"message":"0:58:35 | status[4] vcode[1234] code[1234]","level":"info"}
{"message":"0:58:35 | status[4] vcode[1234] code[1234]","level":"info"}
{"message":"0:58:35 | [object Object]","level":"info"}
{"message":"0:58:35 | insert execute --> user_login_info seq = 139","level":"info"}
{"message":"0:58:35 | insert execute --> last login update","level":"info"}
{"message":"0:59:38 | SELECT count(*) as cnt FROM user_table WHERE uid = 'choiyw2';","level":"info"}
{"message":"0:59:38 | SELECT * FROM user_table WHERE uid = ? AND pwd = md5(?)","level":"info"}
{"message":"0:59:38 | status[4] vcode[1234] code[1234]","level":"info"}
{"message":"0:59:38 | [object Object]","level":"info"}
{"message":"0:59:38 | status[4] vcode[1234] code[1234]","level":"info"}
{"message":"0:59:38 | insert execute --> user_login_info seq = 140","level":"info"}
{"message":"0:59:38 | insert execute --> last login update","level":"info"}
{"message":"1:00:13 | SELECT count(*) as cnt FROM user_table WHERE uid = 'choiyw2';","level":"info"}
{"message":"1:00:13 | status[4] vcode[1234] code[1234]","level":"info"}
{"message":"1:00:13 | status[4] vcode[1234] code[1234]","level":"info"}
{"message":"1:00:13 | [object Object]","level":"info"}
{"message":"1:00:13 | SELECT * FROM user_table WHERE uid = ? AND pwd = md5(?)","level":"info"}
{"message":"1:00:13 | insert execute --> user_login_info seq = 141","level":"info"}
{"message":"1:00:13 | insert execute --> last login update","level":"info"}
{"message":"1:00:39 | SELECT * FROM card_info WHERE cardlevel = 'SSS+' ORDER BY cardname","level":"info"}
{"message":"1:00:41 | SELECT * FROM card_info WHERE seq = 36 ","level":"info"}
{"message":"1:00:48 | SELECT count(*) as cnt FROM user_table WHERE uid = 'usaki';","level":"info"}
{"message":"1:00:48 | SELECT * FROM user_table WHERE uid = ? AND pwd = md5(?)","level":"info"}
{"message":"1:00:48 | status[3] vcode[b6a3b3] code[b6a3b3]","level":"info"}
{"message":"1:00:48 | status[3] vcode[b6a3b3] code[b6a3b3]","level":"info"}
{"message":"1:00:48 | [object Object]","level":"info"}
{"message":"1:00:48 | insert execute --> user_login_info seq = 142","level":"info"}
{"message":"1:00:48 | insert execute --> last login update","level":"info"}
{"message":"1:01:38 | SELECT count(*) as cnt FROM user_table WHERE uid = 'usaki';","level":"info"}
{"message":"1:01:38 | SELECT * FROM user_table WHERE uid = ? AND pwd = md5(?)","level":"info"}
{"message":"1:01:38 | status[3] vcode[b6a3b3] code[b6a3b3]","level":"info"}
{"message":"1:01:38 | status[3] vcode[b6a3b3] code[b6a3b3]","level":"info"}
{"message":"1:01:38 | [object Object]","level":"info"}
{"message":"1:01:38 | insert execute --> user_login_info seq = 143","level":"info"}
{"message":"1:01:38 | insert execute --> last login update","level":"info"}
