{"message":"18:29:48 | ","level":"info"}
{"message":"18:29:54 | [object Object]","level":"info"}
{"message":"18:30:00 | app_20210113.log,error_20210113.log","level":"info"}
{"message":"18:30:13 | app_20210113.log,error_20210113.log","level":"info"}
{"message":"18:46:52 | SELECT count(*) as cnt FROM user_table WHERE uid = 'choiyw2';","level":"info"}
{"message":"18:46:52 | SELECT * FROM user_table WHERE uid = ? AND pwd = md5(?)","level":"info"}
{"message":"18:46:52 | status[4] vcode[1234] code[1234]","level":"info"}
{"message":"18:46:52 | [object Object]","level":"info"}
{"message":"18:46:52 | status[4] vcode[1234] code[1234]","level":"info"}
{"message":"18:46:52 | insert execute --> user_login_info seq = 146","level":"info"}
{"message":"18:46:52 | insert execute --> last login update","level":"info"}
{"message":"18:46:56 | [object Object]","level":"info"}
{"message":"18:46:58 | [object Object]","level":"info"}
{"message":"18:47:08 | app_20210113.log,error_20210113.log","level":"info"}
{"message":"18:47:46 | SELECT count(*) as cnt FROM user_table WHERE uid = 'choiyw2';","level":"info"}
{"message":"18:47:46 | SELECT * FROM user_table WHERE uid = ? AND pwd = md5(?)","level":"info"}
{"message":"18:47:46 | status[4] vcode[1234] code[1234]","level":"info"}
{"message":"18:47:46 | status[4] vcode[1234] code[1234]","level":"info"}
{"message":"18:47:46 | [object Object]","level":"info"}
{"message":"18:47:46 | insert execute --> user_login_info seq = 147","level":"info"}
{"message":"18:47:46 | insert execute --> last login update","level":"info"}
{"message":"18:47:57 | SELECT * FROM card_info WHERE cardlevel = 'SSS+' ORDER BY cardname","level":"info"}
{"message":"18:47:58 | SELECT * FROM card_info WHERE seq = 38 ","level":"info"}
{"message":"ERROR=>TypeError: Cannot convert object to primitive value","level":"error"}
{"message":"18:48:01 | 0.000","level":"info"}
{"message":"18:48:01 | 0.000","level":"info"}
{"message":"18:50:30 | SELECT * FROM card_info WHERE cardlevel = 'SSS+' ORDER BY cardname","level":"info"}
{"message":"18:50:32 | SELECT * FROM card_info WHERE seq = 168 ","level":"info"}
{"message":"18:50:36 | [object Object]","level":"info"}
{"message":"18:50:38 | [object Object]","level":"info"}
{"message":"18:50:46 | app_20210113.log,error_20210113.log","level":"info"}
{"message":"18:57:33 | SELECT count(*) as cnt FROM user_table WHERE uid = 'choiyw2';","level":"info"}
{"message":"18:57:33 | SELECT * FROM user_table WHERE uid = ? AND pwd = md5(?)","level":"info"}
{"message":"18:57:33 | status[4] vcode[1234] code[1234]","level":"info"}
{"message":"18:57:33 | [object Object]","level":"info"}
{"message":"18:57:33 | status[4] vcode[1234] code[1234]","level":"info"}
{"message":"18:57:33 | insert execute --> user_login_info seq = 148","level":"info"}
{"message":"18:57:33 | insert execute --> last login update","level":"info"}
{"message":"18:57:35 | SELECT * FROM card_info WHERE cardlevel = 'SSS+' ORDER BY cardname","level":"info"}
{"message":"18:57:37 | SELECT * FROM card_info WHERE seq = 38 ","level":"info"}
{"message":"18:57:42 | [object Object]","level":"info"}
{"message":"18:58:38 | SELECT count(*) as cnt FROM user_table WHERE uid = 'choiyw2';","level":"info"}
{"message":"18:58:38 | SELECT * FROM user_table WHERE uid = ? AND pwd = md5(?)","level":"info"}
{"message":"18:58:38 | status[4] vcode[1234] code[1234]","level":"info"}
{"message":"18:58:38 | status[4] vcode[1234] code[1234]","level":"info"}
{"message":"18:58:38 | [object Object]","level":"info"}
{"message":"18:58:38 | insert execute --> user_login_info seq = 149","level":"info"}
{"message":"18:58:38 | insert execute --> last login update","level":"info"}
{"message":"18:58:42 | [object Object]","level":"info"}
{"message":"19:00:51 | [object Object]","level":"info"}
{"message":"19:00:52 | [object Object]","level":"info"}
{"message":"19:21:13 | SELECT count(*) as cnt FROM user_table WHERE uid = 'choiyw2';","level":"info"}
{"message":"19:21:13 | SELECT * FROM user_table WHERE uid = ? AND pwd = md5(?)","level":"info"}
{"message":"19:21:13 | status[4] vcode[1234] code[1234]","level":"info"}
{"message":"19:21:13 | status[4] vcode[1234] code[1234]","level":"info"}
{"message":"19:21:13 | [object Object]","level":"info"}
{"message":"19:21:13 | insert execute --> user_login_info seq = 150","level":"info"}
{"message":"19:21:13 | insert execute --> last login update","level":"info"}
{"message":"19:23:16 | SELECT * FROM card_info WHERE cardlevel = 'SSS+' ORDER BY cardname","level":"info"}
{"message":"19:26:27 | SELECT count(*) as cnt FROM user_table WHERE uid = 'choiyw2';","level":"info"}
{"message":"19:26:27 | SELECT * FROM user_table WHERE uid = ? AND pwd = md5(?)","level":"info"}
{"message":"19:26:27 | status[4] vcode[1234] code[1234]","level":"info"}
{"message":"19:26:27 | [object Object]","level":"info"}
{"message":"19:26:27 | status[4] vcode[1234] code[1234]","level":"info"}
{"message":"19:26:27 | insert execute --> user_login_info seq = 151","level":"info"}
{"message":"19:26:27 | insert execute --> last login update","level":"info"}
{"message":"19:26:33 | [object Object]","level":"info"}
{"message":"ERROR=>TypeError: Cannot convert object to primitive value","level":"error"}
{"message":"ERROR=>TypeError: Cannot convert object to primitive value","level":"error"}
{"message":"19:26:41 | app_20210113.log,error_20210113.log","level":"info"}
{"message":"19:27:01 | SELECT * FROM card_info WHERE cardlevel = 'SSS+' ORDER BY cardname","level":"info"}
{"message":"19:27:04 | SELECT * FROM card_info WHERE seq = 136 ","level":"info"}
{"message":"ERROR=>TypeError: Cannot convert object to primitive value","level":"error"}
{"message":"19:27:06 | 0.000","level":"info"}
{"message":"19:27:06 | 0.000","level":"info"}
{"message":"19:27:59 | SELECT count(*) as cnt FROM user_table WHERE uid = 'choiyw2';","level":"info"}
{"message":"19:27:59 | SELECT * FROM user_table WHERE uid = ? AND pwd = md5(?)","level":"info"}
{"message":"19:27:59 | status[4] vcode[1234] code[1234]","level":"info"}
{"message":"19:27:59 | status[4] vcode[1234] code[1234]","level":"info"}
{"message":"19:27:59 | [object Object]","level":"info"}
{"message":"19:27:59 | insert execute --> user_login_info seq = 152","level":"info"}
{"message":"19:27:59 | insert execute --> last login update","level":"info"}
{"message":"19:28:40 | SELECT count(*) as cnt FROM user_table WHERE uid = 'choiyw2';","level":"info"}
{"message":"19:28:40 | SELECT * FROM user_table WHERE uid = ? AND pwd = md5(?)","level":"info"}
{"message":"19:28:40 | status[4] vcode[1234] code[1234]","level":"info"}
{"message":"19:28:40 | [object Object]","level":"info"}
{"message":"19:28:40 | status[4] vcode[1234] code[1234]","level":"info"}
{"message":"19:28:40 | insert execute --> user_login_info seq = 153","level":"info"}
{"message":"19:28:40 | insert execute --> last login update","level":"info"}
{"message":"19:29:29 | SELECT count(*) as cnt FROM user_table WHERE uid = 'choiyw2';","level":"info"}
{"message":"19:29:29 | SELECT * FROM user_table WHERE uid = ? AND pwd = md5(?)","level":"info"}
{"message":"19:29:29 | status[4] vcode[1234] code[1234]","level":"info"}
{"message":"19:29:29 | status[4] vcode[1234] code[1234]","level":"info"}
{"message":"19:29:29 | [object Object]","level":"info"}
{"message":"19:29:29 | insert execute --> user_login_info seq = 154","level":"info"}
{"message":"19:29:29 | insert execute --> last login update","level":"info"}
{"message":"19:29:31 | logout","level":"info"}
{"message":"19:37:49 | SELECT count(*) as cnt FROM user_table WHERE uid = 'choiyw2';","level":"info"}
{"message":"19:37:49 | SELECT * FROM user_table WHERE uid = ? AND pwd = md5(?)","level":"info"}
{"message":"19:37:49 | status[4] vcode[1234] code[1234]","level":"info"}
{"message":"19:37:49 | status[4] vcode[1234] code[1234]","level":"info"}
{"message":"19:37:49 | [object Object]","level":"info"}
{"message":"19:37:49 | insert execute --> user_login_info seq = 155","level":"info"}
{"message":"19:37:49 | insert execute --> last login update","level":"info"}
{"message":"19:37:55 | logout","level":"info"}
{"message":"19:38:38 | SELECT count(*) as cnt FROM user_table WHERE uid = 'choiyw2';","level":"info"}
{"message":"19:38:38 | SELECT * FROM user_table WHERE uid = ? AND pwd = md5(?)","level":"info"}
{"message":"19:38:38 | status[4] vcode[1234] code[1234]","level":"info"}
{"message":"19:38:38 | status[4] vcode[1234] code[1234]","level":"info"}
{"message":"19:38:38 | [object Object]","level":"info"}
{"message":"19:38:38 | insert execute --> user_login_info seq = 156","level":"info"}
{"message":"19:38:38 | insert execute --> last login update","level":"info"}
{"message":"19:38:40 | logout","level":"info"}
