{"message":"0:43:44 | SELECT count(*) as cnt FROM user_table WHERE uid = 'choiyw2';","level":"info"}
{"message":"0:43:44 | SELECT * FROM user_table WHERE uid = ? AND pwd = md5(?)","level":"info"}
{"message":"0:43:44 | status[4] vcode[1234] code[1234]","level":"info"}
{"message":"0:43:44 | status[4] vcode[1234] code[1234]","level":"info"}
{"message":"0:43:44 | [object Object]","level":"info"}
{"message":"0:43:44 | insert execute --> user_login_info seq = 159","level":"info"}
{"message":"0:43:44 | insert execute --> last login update","level":"info"}
{"message":"0:43:46 | SELECT * FROM card_info WHERE cardlevel = 'SSS+' ORDER BY cardname","level":"info"}
{"message":"0:43:50 | SELECT * FROM card_info WHERE seq = 92 ","level":"info"}
{"message":"ERROR=>TypeError: Cannot convert object to primitive value","level":"error"}
{"message":"0:43:55 | 0.000","level":"info"}
{"message":"0:43:55 | 0.000","level":"info"}
{"message":"ERROR=>TypeError: Cannot convert object to primitive value","level":"error"}
{"message":"0:43:58 | 0.000","level":"info"}
{"message":"0:43:58 | 0.000","level":"info"}
{"message":"ERROR=>TypeError: Cannot convert object to primitive value","level":"error"}
{"message":"0:44:00 | 0.000","level":"info"}
{"message":"0:44:00 | 0.000","level":"info"}
{"message":"0:44:06 | 0.000","level":"info"}
{"message":"ERROR=>TypeError: Cannot convert object to primitive value","level":"error"}
{"message":"0:44:06 | 0.000","level":"info"}
{"message":"ERROR=>TypeError: Cannot convert object to primitive value","level":"error"}
{"message":"0:44:09 | 0.000","level":"info"}
{"message":"0:44:09 | 0.000","level":"info"}
{"message":"0:44:10 | 0.000","level":"info"}
{"message":"ERROR=>TypeError: Cannot convert object to primitive value","level":"error"}
{"message":"0:44:10 | 0.000","level":"info"}
{"message":"ERROR=>TypeError: Cannot convert object to primitive value","level":"error"}
{"message":"0:44:17 | 0.000","level":"info"}
{"message":"0:44:17 | 0.000","level":"info"}
{"message":"ERROR=>TypeError: Cannot convert object to primitive value","level":"error"}
{"message":"0:44:20 | 0.000","level":"info"}
{"message":"0:44:20 | 0.000","level":"info"}
{"message":"ERROR=>TypeError: Cannot convert object to primitive value","level":"error"}
{"message":"0:44:44 | 0.5195","level":"info"}
{"message":"0:44:44 | 0.000","level":"info"}
{"message":"ERROR=>TypeError: Cannot convert object to primitive value","level":"error"}
{"message":"0:44:46 | 0.000","level":"info"}
{"message":"0:44:46 | 0.000","level":"info"}
{"message":"0:45:58 | SELECT * FROM card_info WHERE cardlevel = 'SSS+' ORDER BY cardname","level":"info"}
{"message":"0:46:06 | SELECT * FROM card_info WHERE seq = 92 ","level":"info"}
{"message":"ERROR=>TypeError: Cannot convert object to primitive value","level":"error"}
{"message":"0:46:16 | 0.000","level":"info"}
{"message":"0:46:16 | 0.000","level":"info"}
{"message":"ERROR=>TypeError: Cannot convert object to primitive value","level":"error"}
{"message":"0:46:22 | 0.000","level":"info"}
{"message":"0:46:22 | 0.000","level":"info"}
{"message":"ERROR=>TypeError: Cannot convert object to primitive value","level":"error"}
{"message":"0:46:23 | 0.000","level":"info"}
{"message":"0:46:23 | 0.000","level":"info"}
{"message":"ERROR=>TypeError: Cannot convert object to primitive value","level":"error"}
{"message":"0:46:27 | 0.000","level":"info"}
{"message":"0:46:27 | 0.000","level":"info"}
{"message":"ERROR=>TypeError: Cannot convert object to primitive value","level":"error"}
{"message":"0:46:31 | 0.000","level":"info"}
{"message":"0:46:31 | 0.000","level":"info"}
{"message":"ERROR=>TypeError: Cannot convert object to primitive value","level":"error"}
{"message":"0:46:33 | 0.000","level":"info"}
{"message":"0:46:33 | 0.000","level":"info"}
{"message":"ERROR=>TypeError: Cannot convert object to primitive value","level":"error"}
{"message":"0:46:40 | 0.000","level":"info"}
{"message":"0:46:40 | 0.000","level":"info"}
{"message":"0:46:44 | 0.000","level":"info"}
{"message":"0:46:44 | 0.000","level":"info"}
{"message":"ERROR=>TypeError: Cannot convert object to primitive value","level":"error"}
{"message":"1:05:50 | logout","level":"info"}
{"message":"1:05:54 | SELECT count(*) as cnt FROM user_table WHERE uid = 'choiyw2';","level":"info"}
{"message":"1:05:54 | SELECT * FROM user_table WHERE uid = ? AND pwd = md5(?)","level":"info"}
{"message":"1:05:54 | status[4] vcode[1234] code[1234]","level":"info"}
{"message":"1:05:54 | status[4] vcode[1234] code[1234]","level":"info"}
{"message":"1:05:54 | [object Object]","level":"info"}
{"message":"1:05:54 | insert execute --> user_login_info seq = 160","level":"info"}
{"message":"1:05:54 | insert execute --> last login update","level":"info"}
{"message":"1:06:01 | logout","level":"info"}
{"message":"23:39:57 | SELECT count(*) as cnt FROM user_table WHERE uid = 'choiyw2';","level":"info"}
{"message":"23:39:57 | SELECT * FROM user_table WHERE uid = ? AND pwd = md5(?)","level":"info"}
{"message":"23:39:57 | status[4] vcode[1234] code[1234]","level":"info"}
{"message":"23:39:57 | status[4] vcode[1234] code[1234]","level":"info"}
{"message":"23:39:57 | [object Object]","level":"info"}
{"message":"23:39:57 | insert execute --> user_login_info seq = 161","level":"info"}
{"message":"23:39:57 | insert execute --> last login update","level":"info"}
{"message":"23:50:53 | logout","level":"info"}
{"message":"23:50:57 | SELECT count(*) as cnt FROM user_table WHERE uid = 'choiyw2';","level":"info"}
{"message":"23:50:57 | SELECT * FROM user_table WHERE uid = ? AND pwd = md5(?)","level":"info"}
{"message":"23:50:57 | status[4] vcode[1234] code[1234]","level":"info"}
{"message":"23:50:57 | status[4] vcode[1234] code[1234]","level":"info"}
{"message":"23:50:57 | [object Object]","level":"info"}
{"message":"23:50:57 | insert execute --> user_login_info seq = 162","level":"info"}
{"message":"23:50:57 | insert execute --> last login update","level":"info"}
{"message":"23:51:26 | logout","level":"info"}
{"message":"23:51:58 | SELECT count(*) as cnt FROM user_table WHERE uid = 'choiyw2';","level":"info"}
{"message":"23:51:58 | SELECT * FROM user_table WHERE uid = ? AND pwd = md5(?)","level":"info"}
{"message":"23:51:58 | status[4] vcode[1234] code[1234]","level":"info"}
{"message":"23:51:58 | status[4] vcode[1234] code[1234]","level":"info"}
{"message":"23:51:58 | [object Object]","level":"info"}
{"message":"23:51:58 | insert execute --> user_login_info seq = 163","level":"info"}
{"message":"23:51:58 | insert execute --> last login update","level":"info"}
